0 0 1
-0.0045224734 0.5668065540 0.8238384626 0.0132741000
-0.9994673468 0.0240639744 -0.0220427884 0.0101333000
-0.0323187990 -0.8234993578 0.5663958641 -0.0577222000
0.0000000000 0.0000000000 0.0000000000 1.0000000000
1 1 2
-0.0005352920 0.5670524767 0.8236829657 0.0197556000
-0.9995869426 0.0233987037 -0.0167574661 0.0046964000
-0.0287764400 -0.8233506891 0.5668038547 -0.0516163000
0.0000000000 0.0000000000 0.0000000000 1.0000000000
2 2 3
-0.0018161979 0.5681971097 0.8228895333 0.0162884000
-0.9995430105 0.0237775253 -0.0186246449 0.0112738000
-0.0301481281 -0.8225479632 0.5678954701 -0.0541725000
0.0000000000 0.0000000000 0.0000000000 1.0000000000
3 3 4
-0.0016204906 0.5679354241 0.8230712958 0.0126963000
-0.9995788400 0.0229229496 -0.0177853888 0.0091486400
-0.0289680275 -0.8227536274 0.5676593716 -0.0562878000
0.0000000000 0.0000000000 0.0000000000 1.0000000000
4 4 5
-0.0034949678 0.5665868652 0.8239958395 0.0202534000
-0.9995915493 0.0214218008 -0.0189690428 0.0092329900
-0.0283998916 -0.8237247200 0.5662790046 -0.0596732000
0.0000000000 0.0000000000 0.0000000000 1.0000000000
5 5 6
-0.0032238932 0.5735346309 0.8191757087 0.0200535000
-0.9996687802 0.0190869490 -0.0172973819 0.0080400700
-0.0255566903 -0.8189596429 0.5732821929 -0.0560828000
0.0000000000 0.0000000000 0.0000000000 1.0000000000
6 6 7
-0.0030099513 0.5669178713 0.8237691564 0.0139384000
-0.9996488088 0.0199917032 -0.0174107371 0.0094779700
-0.0263392273 -0.8235320285 0.5666581714 -0.0576369000
0.0000000000 0.0000000000 0.0000000000 1.0000000000
7 7 8
-0.0056692675 0.5773864964 0.8164501073 0.0113786000
-0.9995913804 0.0195752791 -0.0207849257 0.0095029000
-0.0279824232 -0.8162351223 0.5770410761 -0.0594168000
0.0000000000 0.0000000000 0.0000000000 1.0000000000
8 8 9
-0.0009490410 0.5763151546 0.8172268727 0.0188326000
-0.9996404573 0.0213494226 -0.0162167131 0.0092062800
-0.0267931881 -0.8169485102 0.5760878235 -0.0573628000
0.0000000000 0.0000000000 0.0000000000 1.0000000000
9 9 10
-0.0027944616 0.5682846300 0.8228277901 0.0183680000
-0.9996531153 0.0199737362 -0.0171896079 0.0100681000
-0.0262038537 -0.8225900637 0.5680310648 -0.0598001000
0.0000000000 0.0000000000 0.0000000000 1.0000000000
10 10 11
-0.0027861581 0.5783326197 0.8157958340 0.0133172000
-0.9996466231 0.0199440428 -0.0175529543 0.0078952700
-0.0264214079 -0.8155567780 0.5780732867 -0.0592476000
0.0000000000 0.0000000000 0.0000000000 1.0000000000
11 11 12
-0.0058070253 0.5753547614 0.8178828288 0.0213568000
-0.9998209518 0.0113703105 -0.0150976741 0.0125897000
-0.0179857603 -0.8178244150 0.5751863849 -0.0602836000
0.0000000000 0.0000000000 0.0000000000 1.0000000000
12 12 13
-0.0001478537 0.5759679277 0.8174718173 0.0170605000
-0.9996719357 0.0208405095 -0.0148646466 0.0123521000
-0.0255977911 -0.8172061447 0.5757764767 -0.0592418000
0.0000000000 0.0000000000 0.0000000000 1.0000000000
13 13 14
-0.0022574815 0.5729214255 0.8196078203 0.0156184000
-0.9996414600 0.0205905135 -0.0171462470 0.0066960500
-0.0267000076 -0.8193522335 0.5726687249 -0.0599978000
0.0000000000 0.0000000000 0.0000000000 1.0000000000
14 14 15
-0.0018503208 0.5739268561 0.8189049549 0.0234957000
-0.9995973677 0.0221361470 -0.0177724389 0.0090685400
-0.0283277901 -0.8186077944 0.5736542071 -0.0634935000
0.0000000000 0.0000000000 0.0000000000 1.0000000000
15 15 16
-0.0005576704 0.5766129415 0.8170159805 0.0241910000
-0.9996116718 0.0224106228 -0.0164992504 0.0094802000
-0.0278226931 -0.8167087825 0.5763781541 -0.0619471000
0.0000000000 0.0000000000 0.0000000000 1.0000000000
16 16 17
-0.0003348347 0.5761060268 0.8173748931 0.0215939000
-0.9996299651 0.0220392144 -0.0159432826 0.0100817000
-0.0271993146 -0.8170777817 0.5758854819 -0.0612930000
0.0000000000 0.0000000000 0.0000000000 1.0000000000
17 17 18
-0.0027547280 0.5779849056 0.8160431839 0.0203258000
-0.9996321877 0.0204343001 -0.0178474648 0.0077202400
-0.0269910795 -0.8157919414 0.5777155443 -0.0627297000
0.0000000000 0.0000000000 0.0000000000 1.0000000000
18 18 19
-0.0013932048 0.5761438980 0.8173464081 0.0190481000
-0.9995878280 0.0226191017 -0.0176482382 0.0118407000
-0.0286551264 -0.8170345738 0.5758757816 -0.0665862000
0.0000000000 0.0000000000 0.0000000000 1.0000000000
19 19 20
-0.0004742765 0.5765606616 0.8170535727 0.0231881000
-0.9995876833 0.0231693703 -0.0169301601 0.0077894200
-0.0286914722 -0.8167251499 0.5763127532 -0.0668003000
0.0000000000 0.0000000000 0.0000000000 1.0000000000
20 20 21
-0.0010288192 0.5765612486 0.8170538903 0.0232470000
-0.9995944774 0.0226723040 -0.0172573249 0.0118078000
-0.0284747895 -0.8167398981 0.5763033444 -0.0683869000
0.0000000000 0.0000000000 0.0000000000 1.0000000000
21 21 22
-0.0006940449 0.5771154222 0.8166632779 0.0239139000
-0.9996694482 0.0206132815 -0.0154160476 0.0096197000
-0.0257315819 -0.8164033622 0.5769091030 -0.0558720000
0.0000000000 0.0000000000 0.0000000000 1.0000000000
22 22 23
-0.0011198162 0.5771631646 0.8166278761 0.0233291000
-0.9996094757 0.0221510207 -0.0170263643 0.0121364000
-0.0279159976 -0.8163281707 0.5769132270 -0.0648100000
0.0000000000 0.0000000000 0.0000000000 1.0000000000
23 23 24
-0.0005542269 0.5768228600 0.8168681942 0.0200687000
-0.9996317706 0.0218204682 -0.0160868924 0.0111012000
-0.0271031676 -0.8165769119 0.5765994782 -0.0658819000
0.0000000000 0.0000000000 0.0000000000 1.0000000000
24 24 25
-0.0021125784 0.5768448441 0.8168514093 0.0151095000
-0.9996242189 0.0211166491 -0.0174972766 0.0122337000
-0.0273426392 -0.8165811409 0.5765829517 -0.0638639000
0.0000000000 0.0000000000 0.0000000000 1.0000000000
25 25 26
-0.0059527027 0.5829632774 0.8124761902 0.0178893000
-0.9991613413 0.0294402827 -0.0284445066 0.0105788000
-0.0405013157 -0.8119644653 0.5822997585 -0.0658289000
0.0000000000 0.0000000000 0.0000000000 1.0000000000
26 26 27
-0.2154474586 0.3409086222 0.9150742828 -0.2397040000
-0.9530519872 0.1307727092 -0.2731088313 0.1365100000
-0.2127711009 -0.9309553348 0.2967305609 0.1136670000
0.0000000000 0.0000000000 0.0000000000 1.0000000000
27 27 28
-0.2780839150 0.4646101349 0.8407147376 -0.3837600000
-0.9202762207 0.1219255588 -0.3717822813 0.5063430000
-0.2752372158 -0.8770791354 0.3936674502 0.4309140000
0.0000000000 0.0000000000 0.0000000000 1.0000000000
28 28 29
-0.2603672165 0.5326824760 0.8052671262 -0.2113510000
-0.9438232637 0.0353494632 -0.3285508379 0.6608940000
-0.2034782830 -0.8455751805 0.4935564178 0.6354230000
0.0000000000 0.0000000000 0.0000000000 1.0000000000
29 29 30
-0.3070627422 0.5797333532 0.7547313798 -0.0121394000
-0.9250948088 0.0043398695 -0.3797091543 0.7255930000
-0.2234050384 -0.8147936464 0.5349772892 0.7918380000
0.0000000000 0.0000000000 0.0000000000 1.0000000000
30 30 31
-0.2466087663 0.6084055817 0.7543372385 0.0811021000
-0.9544455460 -0.0175610065 -0.2978650710 0.6797680000
-0.1679753579 -0.7934308722 0.5850222497 0.8887710000
0.0000000000 0.0000000000 0.0000000000 1.0000000000
31 31 32
-0.3227719770 0.5339716653 0.7814647266 0.1810860000
-0.9220473270 0.0089705061 -0.3869679788 0.4674720000
-0.2136389127 -0.8454523940 0.4894553944 0.8340280000
0.0000000000 0.0000000000 0.0000000000 1.0000000000
32 32 33
-0.4490638355 0.3818472117 0.8078018118 0.4359590000
-0.8393586067 0.1296574575 -0.5278936560 0.4730730000
-0.3063138743 -0.9150886785 0.2622771445 0.7542880000
0.0000000000 0.0000000000 0.0000000000 1.0000000000
33 33 34
-0.6692212379 0.4700173344 0.5755341995 0.6665350000
-0.5965605177 0.1219414602 -0.7932544700 0.3685510000
-0.4430253472 -0.8741972379 0.1987811833 0.8371370000
0.0000000000 0.0000000000 0.0000000000 1.0000000000
34 34 35
-0.8434389412 0.5290498857 0.0934346610 0.8247410000
0.0276930001 0.2164968667 -0.9758933125 0.4305470000
-0.5365229866 -0.8205125703 -0.1972579329 0.9043790000
0.0000000000 0.0000000000 0.0000000000 1.0000000000
35 35 36
-0.8139565602 0.5745354542 -0.0859928959 0.8093010000
0.2228683402 0.1721207016 -0.9595359344 0.6280710000
-0.5364843607 -0.8001803036 -0.2681487206 0.8999660000
0.0000000000 0.0000000000 0.0000000000 1.0000000000
36 36 37
-0.6876555345 0.6170696408 -0.3825719273 0.7747410000
0.5623340032 0.1193529487 -0.8182534196 0.7241430000
-0.4592566711 -0.7778066908 -0.4290751021 0.8843890000
0.0000000000 0.0000000000 0.0000000000 1.0000000000
37 37 38
-0.6499961118 0.5812619879 -0.4895383295 0.7107340000
0.6546326874 0.1010960329 -0.7491596058 0.9097490000
-0.3859654379 -0.8074147458 -0.4462278722 0.8298780000
0.0000000000 0.0000000000 0.0000000000 1.0000000000
38 38 39
-0.8305253140 0.5569112880 -0.0092048477 0.9493820000
0.1156875538 0.1563103157 -0.9809112079 1.0160100000
-0.5448406205 -0.8157329374 -0.1942502928 0.9405360000
0.0000000000 0.0000000000 0.0000000000 1.0000000000
39 39 40
-0.8151989153 0.5337304756 -0.2249303590 0.6089790000
0.3298873465 0.1086557129 -0.9377493023 1.3179400000
-0.4760632580 -0.8386484334 -0.2646513814 0.7582620000
0.0000000000 0.0000000000 0.0000000000 1.0000000000
40 40 41
-0.8451344179 0.5061787859 -0.1718819335 0.2913420000
0.2648042824 0.1170979723 -0.9571691389 1.5383400000
-0.4643695235 -0.8544454958 -0.2330069198 0.5870420000
0.0000000000 0.0000000000 0.0000000000 1.0000000000
41 41 42
-0.7871100766 0.5603540088 -0.2578209945 0.1241210000
0.3380365704 0.0422397886 -0.9401876052 1.7375400000
-0.5159453047 -0.8271788445 -0.2226720049 0.5201480000
0.0000000000 0.0000000000 0.0000000000 1.0000000000
42 42 43
-0.7380926913 0.5741953330 -0.3543024355 -0.1748740000
0.4440686501 0.0180623864 -0.8958142541 1.9438500000
-0.5079700092 -0.8185229767 -0.2683185880 0.3918090000
0.0000000000 0.0000000000 0.0000000000 1.0000000000
43 43 44
-0.8351784380 0.4813148766 -0.2661276780 -0.3587740000
0.3254125033 0.0423504190 -0.9446263132 2.1210700000
-0.4433899572 -0.8755273602 -0.1920008223 0.2643700000
0.0000000000 0.0000000000 0.0000000000 1.0000000000
44 44 45
-0.7801932222 0.4988842266 -0.3773924664 -0.6005730000
0.4250967554 -0.0197670736 -0.9049358490 2.3090800000
-0.4589153449 -0.8664471540 -0.1966573371 0.1734460000
0.0000000000 0.0000000000 0.0000000000 1.0000000000
45 45 46
-0.7292889894 0.5327322868 -0.4293500558 -0.7567050000
0.4935372766 -0.0250289447 -0.8693670153 2.4158300000
-0.4738840748 -0.8459162851 -0.2446732211 0.0894190000
0.0000000000 0.0000000000 0.0000000000 1.0000000000
46 46 47
-0.7865085360 0.4791957327 -0.3896043077 -0.4343870000
0.3874521611 -0.1084138323 -0.9154982425 2.3054100000
-0.4809375113 -0.8709923415 -0.1004049251 0.5094910000
0.0000000000 0.0000000000 0.0000000000 1.0000000000
47 47 48
-0.8251430687 0.4811178893 -0.2961077460 -0.2338850000
0.2692988093 -0.1257905374 -0.9548111500 2.1421800000
-0.4966209540 -0.8675896250 -0.0257773561 0.6833040000
0.0000000000 0.0000000000 0.0000000000 1.0000000000
48 48 49
-0.7990262142 0.5008020969 -0.3328210319 0.0606067000
0.3062078804 -0.1374786620 -0.9419905164 2.0945000000
-0.5175029599 -0.8545798142 -0.0435086331 0.8258460000
0.0000000000 0.0000000000 0.0000000000 1.0000000000
49 49 50
-0.7878815993 0.5153858678 -0.3371058910 0.2023620000
0.2901971558 -0.1721131925 -0.9413692296 1.8567500000
-0.5431837490 -0.8395045104 -0.0139697918 0.9270840000
0.0000000000 0.0000000000 0.0000000000 1.0000000000
50 50 51
-0.8246637636 0.5091388129 -0.2464173689 0.5996370000
0.1899093918 -0.1611436685 -0.9684916935 1.6830300000
-0.5328022835 -0.8454699325 0.0361912488 1.1559600000
0.0000000000 0.0000000000 0.0000000000 1.0000000000
51 51 52
-0.8278616310 0.5159695620 -0.2200783050 0.8226800000
0.1165379230 -0.2255799562 -0.9672341678 1.4838900000
-0.5487057150 -0.8263766902 0.1266106628 1.3078400000
0.0000000000 0.0000000000 0.0000000000 1.0000000000
52 52 53
-0.8172670430 0.4879988855 -0.3065056174 1.0674500000
0.2156502498 -0.2342512919 -0.9479614062 1.5116000000
-0.5344002016 -0.8408287255 0.0862005299 1.2824000000
0.0000000000 0.0000000000 0.0000000000 1.0000000000
53 53 54
-0.7593423915 0.4755222311 -0.4441783664 0.8134720000
0.3968893576 -0.2024817482 -0.8952605099 1.6040700000
-0.5156497370 -0.8560906206 -0.0349858725 1.1043500000
0.0000000000 0.0000000000 0.0000000000 1.0000000000
54 54 55
-0.6210559634 0.4014625654 -0.6731444520 0.4397180000
0.6892171830 -0.1292114435 -0.7129434512 1.5717200000
-0.3731960870 -0.9067174304 -0.1964503104 0.9195650000
0.0000000000 0.0000000000 0.0000000000 1.0000000000
55 55 56
-0.7935312314 0.4437320861 -0.4164438137 0.1877020000
0.4054282418 -0.1248523159 -0.9055658545 1.5597800000
-0.4538188570 -0.8874251584 -0.0808352114 0.7746050000
0.0000000000 0.0000000000 0.0000000000 1.0000000000
56 56 57
-0.8238844078 0.4940672493 -0.2777197238 0.1715850000
0.2636573494 -0.0996643268 -0.9594590127 1.7207100000
-0.5017125610 -0.8636980653 -0.0481609099 0.7781160000
0.0000000000 0.0000000000 0.0000000000 1.0000000000
57 57 58
-0.8029259436 0.4693575862 -0.3674621645 0.0275173000
0.3239475747 -0.1739026404 -0.9299600230 1.7819800000
-0.5003828084 -0.8657200077 -0.0124245129 0.7444680000
0.0000000000 0.0000000000 0.0000000000 1.0000000000
58 58 59
-0.8023843597 0.4558503095 -0.3852204208 0.0144674000
0.3390593446 -0.1830152548 -0.9227968260 1.7924300000
-0.4911548006 -0.8710428902 -0.0077199246 0.7328010000
0.0000000000 0.0000000000 0.0000000000 1.0000000000
59 59 60
-0.8149769006 0.4221780803 -0.3969830986 -0.1011830000
0.3263904082 -0.2316638659 -0.9164130443 1.7702200000
-0.4788519745 -0.8764184132 0.0509958492 0.7975480000
0.0000000000 0.0000000000 0.0000000000 1.0000000000
60 60 61
-0.8252773381 0.5636125938 0.0356495366 0.2866990000
-0.1645500163 -0.1796000845 -0.9698841831 1.6294100000
-0.5402345208 -0.8062833750 0.2409545095 0.9952770000
0.0000000000 0.0000000000 0.0000000000 1.0000000000
61 61 62
-0.6179955818 0.6316491782 0.4680936338 0.7345980000
-0.6695587731 -0.1108080596 -0.7344522369 1.5344700000
-0.4120477929 -0.7672993905 0.4913976798 1.2093700000
0.0000000000 0.0000000000 0.0000000000 1.0000000000
62 62 63
-0.2444279492 0.6189016092 0.7464678069 1.0614200000
-0.9303374550 0.0673391996 -0.3604670041 1.6757000000
-0.2733598515 -0.7825759001 0.5593288742 1.3396900000
0.0000000000 0.0000000000 0.0000000000 1.0000000000
63 63 64
-0.1287449643 0.6279549322 0.7675266850 1.0430100000
-0.9783510262 0.0460298975 -0.2017682141 1.8379200000
-0.1620304862 -0.7768872157 0.6084343286 1.3271600000
0.0000000000 0.0000000000 0.0000000000 1.0000000000
64 64 65
0.0439477197 0.6145878953 0.7876226580 1.0857300000
-0.9936305993 0.1087710842 -0.0294325766 2.2986900000
-0.1037591661 -0.7813128460 0.6154542419 1.3546400000
0.0000000000 0.0000000000 0.0000000000 1.0000000000
65 65 66
0.2690465693 0.6106971089 0.7447579338 1.1763000000
-0.9585745459 0.0946865353 0.2686466603 2.8124700000
0.0935423903 -0.7861839665 0.6108726011 1.4073000000
0.0000000000 0.0000000000 0.0000000000 1.0000000000
66 66 67
0.1352689120 0.6190418746 0.7736206991 1.2700000000
-0.9905652801 0.1017988527 0.0917437050 3.1475000000
-0.0219602903 -0.7787320715 0.6269720041 1.2737600000
0.0000000000 0.0000000000 0.0000000000 1.0000000000
67 67 68
0.1293235230 0.4857429259 0.8644821137 1.0565500000
-0.9915333111 0.0530471038 0.1185233906 3.0072200000
0.0117135815 -0.8724906367 0.4884904636 0.9735080000
0.0000000000 0.0000000000 0.0000000000 1.0000000000
68 68 69
-0.0746973670 0.4815974050 0.8732036754 0.7805000000
-0.9872548635 0.0876844934 -0.1328142205 2.7526000000
-0.1405295476 -0.8719952535 0.4689092979 0.8562030000
0.0000000000 0.0000000000 0.0000000000 1.0000000000
69 69 70
-0.2215933379 0.5147763430 0.8281901301 0.5194820000
-0.9574054636 0.0463777746 -0.2849941765 2.3976400000
-0.1851171334 -0.8560678823 0.4825745894 0.7466210000
0.0000000000 0.0000000000 0.0000000000 1.0000000000
70 70 71
-0.2470949654 0.5043489771 0.8273887631 0.2100430000
-0.9499282132 0.0424481758 -0.3095665581 2.3255800000
-0.1912496948 -0.8624541573 0.4686092903 0.6095490000
0.0000000000 0.0000000000 0.0000000000 1.0000000000
71 71 72
-0.3476885943 0.5118337392 0.7855809331 0.1088510000
-0.8758060013 0.1218690636 -0.4670233683 2.2275700000
-0.3347760850 -0.8503959089 0.4058954623 0.5167130000
0.0000000000 0.0000000000 0.0000000000 1.0000000000
72 72 73
-0.2464957058 0.5154094290 0.8207246441 0.1438790000
-0.9523842970 0.0279774040 -0.3036087295 2.4231700000
-0.1794435061 -0.8564853941 0.4839742998 0.6313750000
0.0000000000 0.0000000000 0.0000000000 1.0000000000
73 73 74
-0.1765640650 0.6102793296 0.7722594649 0.0571069000
-0.9694782456 0.0277702993 -0.2436002477 2.5742500000
-0.1701101773 -0.7916996207 0.5867489943 0.8151430000
0.0000000000 0.0000000000 0.0000000000 1.0000000000
74 74 75
-0.1738059134 0.6192688315 0.7657000412 -0.1280300000
-0.9711568268 0.0210964547 -0.2375046704 2.2809300000
-0.1632325224 -0.7848950026 0.5977412594 0.5695290000
0.0000000000 0.0000000000 0.0000000000 1.0000000000
75 75 76
-0.2265538146 0.4956177112 0.8384720845 -0.3531700000
-0.9493916485 0.0799094227 -0.3037584882 2.0323000000
-0.2175496494 -0.8648565232 0.4524321942 0.3006190000
0.0000000000 0.0000000000 0.0000000000 1.0000000000
76 76 77
-0.2775683169 0.5077740400 0.8155475128 -0.6376980000
-0.9341016773 0.0557424248 -0.3526246897 1.7833400000
-0.2245134245 -0.8596834531 0.4588426247 0.1511340000
0.0000000000 0.0000000000 0.0000000000 1.0000000000
77 77 78
-0.2417280508 0.5578255152 0.7939744374 -0.8392770000
-0.9571879918 -0.0028040397 -0.2894494683 1.6255300000
-0.1592352379 -0.8299521318 0.5346237320 0.2989210000
0.0000000000 0.0000000000 0.0000000000 1.0000000000
78 78 79
-0.2464920221 0.6063008430 0.7560673561 -0.9199970000
-0.9417694674 0.0342569823 -0.3345060674 1.3770800000
-0.2287112359 -0.7944956429 0.5625537731 0.4011370000
0.0000000000 0.0000000000 0.0000000000 1.0000000000
79 79 80
-0.3537681000 0.6156124558 0.7041770232 -0.9550410000
-0.8883069934 0.0145758174 -0.4590154747 0.9784440000
-0.2928389680 -0.7879123205 0.5416992774 0.3918580000
0.0000000000 0.0000000000 0.0000000000 1.0000000000
80 80 81
-0.2877933437 0.5383497874 0.7920552497 -0.8855750000
-0.9379120785 0.0087799490 -0.3467586372 0.7891100000
-0.1936309511 -0.8426743890 0.5024000178 0.2237120000
0.0000000000 0.0000000000 0.0000000000 1.0000000000
81 81 82
-0.2899806815 0.4409591375 0.8493897154 -0.8475430000
-0.9369937374 0.0498480730 -0.3457678913 0.7405540000
-0.1948091004 -0.8961404676 0.3987231032 0.0367029000
0.0000000000 0.0000000000 0.0000000000 1.0000000000
82 82 83
-0.2278517491 0.2256881896 0.9471777764 -0.7880610000
-0.9647864050 0.0789540856 -0.2509012431 0.6443320000
-0.1314081119 -0.9709938630 0.1997525432 -0.1732370000
0.0000000000 0.0000000000 0.0000000000 1.0000000000
83 83 84
-0.3088106986 0.2469176514 0.9185187516 -0.6284140000
-0.9397399088 0.0697839625 -0.3347021805 0.7917670000
-0.1467444290 -0.9665238327 0.2104833139 0.0854444000
0.0000000000 0.0000000000 0.0000000000 1.0000000000
84 84 85
-0.2935014652 0.4121847959 0.8625276211 -0.4045300000
-0.9437202680 0.0189621991 -0.3301930031 0.7538510000
-0.1524541206 -0.9109001359 0.3834259983 0.4886050000
0.0000000000 0.0000000000 0.0000000000 1.0000000000
85 85 86
-0.2940887243 0.5872621666 0.7540769039 -0.1928360000
-0.9331887407 -0.0059167342 -0.3593347187 0.6745520000
-0.2065613796 -0.8093737168 0.5497686256 0.7700050000
0.0000000000 0.0000000000 0.0000000000 1.0000000000
86 86 87
-0.1808549435 0.5875759153 0.7886986440 0.0742056000
-0.9630613638 0.0568720186 -0.2632071390 0.8129300000
-0.1995089393 -0.8071677225 0.5555864194 0.7903640000
0.0000000000 0.0000000000 0.0000000000 1.0000000000
87 87 88
-0.2011577559 0.5225959654 0.8285098597 0.3567020000
-0.9642191854 0.0434583411 -0.2615193978 0.9344460000
-0.1726745298 -0.8514719548 0.4951553672 0.7855200000
0.0000000000 0.0000000000 0.0000000000 1.0000000000
88 88 89
0.5619960212 0.4857730029 0.6694673600 0.4924700000
-0.8029372074 0.1260329787 0.5825894704 1.5081300000
0.1986298000 -0.8649527384 0.4608739414 0.9558170000
0.0000000000 0.0000000000 0.0000000000 1.0000000000
89 89 90
0.8200623184 0.4589788522 0.3418146397 0.4948690000
-0.4394365494 0.1224146844 0.8898961961 1.5805600000
0.3665983548 -0.8799762122 0.3020787130 1.0584100000
0.0000000000 0.0000000000 0.0000000000 1.0000000000
90 90 91
0.8493033046 0.3813698023 0.3650226207 0.3037220000
-0.4568434354 0.1844721452 0.8702109178 1.4399300000
0.2645345257 -0.9058311321 0.3308985579 0.9585700000
0.0000000000 0.0000000000 0.0000000000 1.0000000000
91 91 92
0.8533979731 0.4375553477 0.2832982157 0.1601440000
-0.3755117114 0.1391112873 0.9163202988 1.3154900000
0.3615294122 -0.8883677466 0.2830237924 0.8359900000
0.0000000000 0.0000000000 0.0000000000 1.0000000000
92 92 93
0.8197000324 0.4157207822 0.3940418595 0.0105600000
-0.4528717488 0.0491536868 0.8902223511 1.2867900000
0.3507134655 -0.9081656713 0.2285585797 0.5866780000
0.0000000000 0.0000000000 0.0000000000 1.0000000000
93 93 94
0.8522235451 0.3575403565 0.3819436738 -0.2475880000
-0.4278313150 0.0560738323 0.9021212674 1.3148900000
0.3011252935 -0.9322163422 0.2007533647 0.4079880000
0.0000000000 0.0000000000 0.0000000000 1.0000000000
94 94 95
0.8986492468 0.3969343310 0.1867444227 -0.5070460000
-0.2085402678 0.0120379149 0.9779437380 1.4183100000
0.3859291376 -0.9177723764 0.0935939227 0.2306650000
0.0000000000 0.0000000000 0.0000000000 1.0000000000
95 95 96
0.8747229341 0.4029998758 0.2691688110 -0.7920530000
-0.3166533198 0.0548177248 0.9469598386 1.4630300000
0.3668670383 -0.9135608140 0.1755606269 0.1210820000
0.0000000000 0.0000000000 0.0000000000 1.0000000000
96 96 97
0.9208019799 0.3717190308 0.1181064993 -1.1426300000
-0.1477268247 0.0521304210 0.9876562264 1.4142800000
0.3609722543 -0.9268834869 0.1029142818 -0.0808071000
0.0000000000 0.0000000000 0.0000000000 1.0000000000
97 97 98
0.8940971097 0.4171819877 0.1629422491 -1.3970900000
-0.1934064956 0.0314964576 0.9806159562 1.5426300000
0.4039615265 -0.9082801964 0.1088460537 -0.1739630000
0.0000000000 0.0000000000 0.0000000000 1.0000000000
98 98 99
0.8650502095 0.3620202272 0.3473191505 -1.5489100000
-0.3104413096 -0.1575765304 0.9374461505 1.5628700000
0.3941007872 -0.9187602772 -0.0239266741 -0.3826810000
0.0000000000 0.0000000000 0.0000000000 1.0000000000
99 99 100
0.8492113023 0.3546103358 0.3912704476 -1.6923000000
-0.3726594638 -0.1225096970 0.9198494002 1.5594700000
0.3741202715 -0.9269571213 0.0281113893 -0.5023920000
0.0000000000 0.0000000000 0.0000000000 1.0000000000
100 100 101
0.8532573873 0.4018978421 0.3323120010 -1.8302700000
-0.3124119416 -0.1162946147 0.9428066132 1.4931900000
0.4175546913 -0.9082750992 0.0263271540 -0.5436540000
0.0000000000 0.0000000000 0.0000000000 1.0000000000
101 101 102
0.8393741372 0.4014711087 0.3664326782 -2.1279600000
-0.4196509068 0.0501806993 0.9063003592 1.4755700000
0.3454635656 -0.9144988647 0.2105971957 -0.3955390000
0.0000000000 0.0000000000 0.0000000000 1.0000000000
102 102 103
0.8683461192 0.4560768328 0.1948581227 -2.3068200000
-0.3001806224 0.1705481127 0.9385145971 1.4644200000
0.3948004044 -0.8734483257 0.2849995200 -0.3304610000
0.0000000000 0.0000000000 0.0000000000 1.0000000000
103 103 104
0.9126911393 0.3967306245 0.0979815323 -2.6185000000
-0.1592955802 0.1245918658 0.9793409273 1.4979600000
0.3763249755 -0.9094440859 0.1769107793 -0.5384580000
0.0000000000 0.0000000000 0.0000000000 1.0000000000
104 104 105
0.8844391442 0.4005268841 0.2394706840 -2.7324500000
-0.3108403385 0.1228913358 0.9424863422 1.5860600000
0.3480607380 -0.9080090509 0.2331892405 -0.6777350000
0.0000000000 0.0000000000 0.0000000000 1.0000000000
105 105 106
0.6567121540 0.4855245245 0.5770587198 -2.7950100000
-0.6917251502 0.0829923693 0.7173793135 1.4131000000
0.3004116285 -0.8702773690 0.3903500271 -0.7684810000
0.0000000000 0.0000000000 0.0000000000 1.0000000000
106 106 107
-0.1231528997 0.6117479107 0.7814076192 -2.7091400000
-0.9907727750 -0.0308902558 -0.1319663213 0.9908700000
-0.0565922434 -0.7904494262 0.6099073915 -0.6461470000
0.0000000000 0.0000000000 0.0000000000 1.0000000000
107 107 108
-0.2533996363 0.3945276892 0.8832501782 -2.6614400000
-0.9613234485 -0.0008675713 -0.2754123516 0.9448750000
-0.1078897687 -0.9188811884 0.3794922430 -0.8770890000
0.0000000000 0.0000000000 0.0000000000 1.0000000000
108 108 109
-0.5922488438 0.3736154485 0.7139091427 -2.6722900000
-0.7570919321 0.0452401608 -0.6517462738 0.9042580000
-0.2758016925 -0.9264841584 0.2560601876 -0.9459360000
0.0000000000 0.0000000000 0.0000000000 1.0000000000
109 109 110
-0.8795273932 0.4182637950 -0.2269376518 -3.0369800000
0.2430708544 -0.0151114082 -0.9698946455 0.8635250000
-0.4090988386 -0.9082039757 -0.0883834405 -0.9860650000
0.0000000000 0.0000000000 0.0000000000 1.0000000000
110 110 111
-0.7711910578 0.6328151187 0.0694803691 -2.9579900000
-0.1576833905 -0.0841389820 -0.9839043072 0.8335550000
-0.6167807102 -0.7697251217 0.1646613178 -0.6189270000
0.0000000000 0.0000000000 0.0000000000 1.0000000000
111 111 112
-0.0848911414 0.6263595228 0.7748969649 -2.7736000000
-0.9667076007 0.1366334719 -0.2163473329 0.9877160000
-0.2413875989 -0.7674656356 0.5939089161 -0.4678340000
0.0000000000 0.0000000000 0.0000000000 1.0000000000
112 112 113
0.5686633858 0.4725473138 0.6732923641 -2.7416300000
-0.8138881886 0.2046167249 0.5438023494 1.2414400000
0.1192039750 -0.8572246001 0.5009573523 -0.5004690000
0.0000000000 0.0000000000 0.0000000000 1.0000000000
113 113 114
0.8939132505 0.3696331864 0.2535568462 -3.0094100000
-0.3357710538 0.1774441185 0.9250819153 1.4019000000
0.2969470764 -0.9120800722 0.2827311095 -0.6613460000
0.0000000000 0.0000000000 0.0000000000 1.0000000000
114 114 115
0.8834783119 0.4541428807 -0.1149827591 -3.1278300000
0.0197678748 0.2090813359 0.9777009277 1.3997500000
0.4680555759 -0.8660508743 0.1757411296 -0.6652290000
0.0000000000 0.0000000000 0.0000000000 1.0000000000
115 115 116
0.6271612160 0.6672362196 0.4018283758 -3.0730400000
-0.6457462300 0.1569469247 0.7472500592 1.3227500000
0.4355249966 -0.7281254507 0.5292948912 -0.5732510000
0.0000000000 0.0000000000 0.0000000000 1.0000000000
116 116 117
0.1624307932 0.7043726607 0.6909967454 -2.8746700000
-0.9709610818 -0.0105611032 0.2390070703 1.0331300000
0.1756471599 -0.7097527436 0.6822019784 -0.4729670000
0.0000000000 0.0000000000 0.0000000000 1.0000000000
117 117 118
-0.3495987204 0.6688009068 0.6561088518 -2.8872100000
-0.9175245162 -0.1027308655 -0.3841734016 0.7366150000
-0.1895316348 -0.7363054986 0.6495614581 -0.5622000000
0.0000000000 0.0000000000 0.0000000000 1.0000000000
118 118 119
0.3309729821 0.5258257456 0.7835601759 -2.7797900000
-0.9404328103 0.1153821550 0.3198065558 0.9681470000
0.0777521277 -0.8427320980 0.5326902282 -0.7997850000
0.0000000000 0.0000000000 0.0000000000 1.0000000000
119 119 120
0.8678185081 0.3756347755 0.3252548499 -2.8856600000
-0.3297563149 -0.0542744929 0.9425095988 1.4787800000
0.3716893524 -0.9251821910 0.0767663699 -0.9880930000
0.0000000000 0.0000000000 0.0000000000 1.0000000000
120 120 121
0.8505943690 0.4010559819 0.3400652816 -2.7779500000
-0.3539847511 -0.0414843107 0.9343347128 1.9990500000
0.3888252724 -0.9151178388 0.1066803083 -0.9474480000
0.0000000000 0.0000000000 0.0000000000 1.0000000000
121 121 122
0.8433672645 0.4297530128 0.3225601459 -2.6304700000
-0.3559172610 -0.0029529011 0.9345163777 2.4987600000
0.4025613036 -0.9029453498 0.1504651031 -0.8379840000
0.0000000000 0.0000000000 0.0000000000 1.0000000000
122 122 123
0.7840854184 0.4437439045 0.4339389649 -2.4831800000
-0.5033386719 0.0455636761 0.8628912443 3.0205700000
0.3631278829 -0.8949985840 0.2590776693 -0.7751160000
0.0000000000 0.0000000000 0.0000000000 1.0000000000
123 123 124
0.7712339441 0.4535404178 0.4466544466 -2.2872200000
-0.5099426151 0.0202286185 0.8599727872 3.5859700000
0.3809955834 -0.8910082799 0.2468796863 -0.6940790000
0.0000000000 0.0000000000 0.0000000000 1.0000000000
124 124 125
0.7402313833 0.4499209306 0.4996299595 -2.1131500000
-0.5795775082 0.0503203280 0.8133652591 4.0663900000
0.3408061798 -0.8916525606 0.2980113303 -0.6052000000
0.0000000000 0.0000000000 0.0000000000 1.0000000000
125 125 126
0.3250356110 0.4488127062 0.8324180219 -1.8653600000
-0.9355386881 0.0238983691 0.3524164092 4.3902800000
0.1382749850 -0.8933068438 0.4276488666 -0.5389830000
0.0000000000 0.0000000000 0.0000000000 1.0000000000
126 126 127
-0.3617858683 0.5553549461 0.7487891973 -1.7170800000
-0.9178953384 -0.0717541258 -0.3902746379 4.4027700000
-0.1630108152 -0.8285089191 0.5357221224 -0.3909570000
0.0000000000 0.0000000000 0.0000000000 1.0000000000
127 127 128
-0.8912965994 0.4534326884 0.0017630986 -2.0151600000
-0.0942831985 -0.1815259296 -0.9788604209 4.2563500000
-0.4435256361 -0.8726143720 0.2045361354 -0.4952840000
0.0000000000 0.0000000000 0.0000000000 1.0000000000
128 128 129
-0.8173143913 0.4384842750 -0.3738221149 -2.1186600000
0.3128038462 -0.2072063871 -0.9269459159 4.2835500000
-0.4839061756 -0.8745321709 0.0321851324 -0.3474240000
0.0000000000 0.0000000000 0.0000000000 1.0000000000
129 129 130
-0.8291685021 0.4422327875 -0.3419493383 -2.0334800000
0.3334487096 -0.0997036794 -0.9374875540 4.2252600000
-0.4486771071 -0.8913479216 -0.0648007854 -0.5071440000
0.0000000000 0.0000000000 0.0000000000 1.0000000000
130 130 131
-0.8204076102 0.4778968599 -0.3139387538 -1.9356500000
0.3573790192 -0.0000278866 -0.9339628507 3.9050800000
-0.4463442467 -0.8784195814 -0.1707726872 -0.5674560000
0.0000000000 0.0000000000 0.0000000000 1.0000000000
131 131 132
-0.8233654637 0.4999881004 -0.2684917385 -1.9284000000
0.3451839953 0.0656805121 -0.9362357941 3.5360900000
-0.4504707799 -0.8635400120 -0.2266697267 -0.6197320000
0.0000000000 0.0000000000 0.0000000000 1.0000000000
132 132 133
-0.7585313735 0.5426253623 -0.3608252034 -1.8700900000
0.4872397020 0.1045931159 -0.8669840222 3.2465600000
-0.4327061174 -0.8334395827 -0.3437283709 -0.6652790000
0.0000000000 0.0000000000 0.0000000000 1.0000000000
133 133 134
-0.8214074343 0.5255658262 -0.2215395581 -1.6724200000
0.3444918520 0.1475990846 -0.9271161022 3.0110800000
-0.4545597621 -0.8378540836 -0.3022956642 -0.5844170000
0.0000000000 0.0000000000 0.0000000000 1.0000000000
134 134 135
-0.8577926640 0.4880199620 -0.1613647352 -1.3999100000
0.2573492083 0.1360029894 -0.9567023410 2.8719400000
-0.4449420704 -0.8621742869 -0.2422580250 -0.4337670000
0.0000000000 0.0000000000 0.0000000000 1.0000000000
135 135 136
-0.8327517794 0.5471052786 -0.0849313055 -1.5153400000
0.2946419967 0.3080427535 -0.9045997339 2.6363700000
-0.4687468467 -0.7783253811 -0.4177272805 -0.5451480000
0.0000000000 0.0000000000 0.0000000000 1.0000000000
136 136 137
-0.7801313330 0.5930236715 -0.1993158682 -1.4184100000
0.4036563611 0.2337104996 -0.8845590580 2.4467600000
-0.4779805775 -0.7705232702 -0.4217054368 -0.4404640000
0.0000000000 0.0000000000 0.0000000000 1.0000000000
137 137 138
-0.7745977353 0.5409796848 -0.3276453074 -1.3998600000
0.4076799664 0.0310086089 -0.9126018454 2.3776100000
-0.4835364638 -0.8404677649 -0.2445708961 -0.2364210000
0.0000000000 0.0000000000 0.0000000000 1.0000000000
138 138 139
-0.7938339382 0.5214215294 -0.3129804268 -1.3219200000
0.3625156405 -0.0074936616 -0.9319504171 2.4275000000
-0.4882822639 -0.8532694523 -0.1830790130 -0.1897350000
0.0000000000 0.0000000000 0.0000000000 1.0000000000
139 139 140
-0.8078994386 0.5095347130 -0.2961155159 -0.9891290000
0.3219456373 -0.0392758848 -0.9459466353 2.3723500000
-0.4936203289 -0.8595570991 -0.1323169787 -0.0113580000
0.0000000000 0.0000000000 0.0000000000 1.0000000000
140 140 141
-0.7602356007 0.5431926530 -0.3563634517 -0.6327840000
0.3971433794 -0.0455343258 -0.9166299662 2.2410300000
-0.5141306295 -0.8383764671 -0.1811137821 0.1574430000
0.0000000000 0.0000000000 0.0000000000 1.0000000000
141 141 142
-0.8089766007 0.5230979454 -0.2682072212 -0.3421930000
0.2859978991 -0.0483918662 -0.9570104801 2.0942800000
-0.5135871646 -0.8509009325 -0.1104617165 0.2951860000
0.0000000000 0.0000000000 0.0000000000 1.0000000000
142 142 143
-0.8500814425 0.4606742748 -0.2552587910 -0.0519033000
0.2628816444 -0.0488386955 -0.9635960055 1.9590300000
-0.4563672632 -0.8862297858 -0.0795939551 0.5885470000
0.0000000000 0.0000000000 0.0000000000 1.0000000000
143 143 144
-0.7978976802 0.4615686308 -0.3877245029 0.0309761000
0.3603096401 -0.1504878281 -0.9206198992 1.9625200000
-0.4832730640 -0.8742530724 -0.0462425191 0.8417360000
0.0000000000 0.0000000000 0.0000000000 1.0000000000
144 144 145
-0.8422511886 0.4841484531 -0.2371369341 0.2461330000
0.1875990313 -0.1491785470 -0.9708580155 1.9193600000
-0.5054109749 -0.8621826710 0.0348086359 0.9520290000
0.0000000000 0.0000000000 0.0000000000 1.0000000000
145 145 146
-0.8487963477 0.4738547312 -0.2345698270 0.5264610000
0.1616283719 -0.1898785917 -0.9684178030 1.8069200000
-0.5034258430 -0.8598944502 0.0845703831 1.1167500000
0.0000000000 0.0000000000 0.0000000000 1.0000000000
146 146 147
-0.8177972869 0.4905930922 -0.3009021737 0.7779740000
0.2245999037 -0.2093315833 -0.9517068268 1.7759600000
-0.5298854438 -0.8458778983 0.0609943909 1.1115700000
0.0000000000 0.0000000000 0.0000000000 1.0000000000
147 147 148
-0.8228002283 0.4839893666 -0.2979358555 0.8284250000
0.3380937731 -0.0045618074 -0.9411047958 1.9515700000
-0.4568414184 -0.8750656713 -0.1598856849 0.8819130000
0.0000000000 0.0000000000 0.0000000000 1.0000000000
148 148 149
-0.7887551833 0.5422367077 -0.2895762583 0.9985920000
0.3982282594 0.0918645033 -0.9126774565 1.9795800000
-0.4682833649 -0.8351917379 -0.2883964400 0.9082050000
0.0000000000 0.0000000000 0.0000000000 1.0000000000
149 149 150
-0.8202265004 0.5515800236 -0.1516486699 1.2601400000
0.2481116592 0.1041555048 -0.9631182891 1.8636500000
-0.5154400509 -0.8275963459 -0.2222883780 1.0391100000
0.0000000000 0.0000000000 0.0000000000 1.0000000000
150 150 151
-0.8444166155 0.5325658300 -0.0578366465 1.4862300000
0.1566991699 0.1423132425 -0.9773419882 1.7630600000
-0.5122663478 -0.8343414340 -0.2036287022 1.1590700000
0.0000000000 0.0000000000 0.0000000000 1.0000000000
151 151 152
-0.8550319979 0.5098258670 -0.0949256234 1.5214700000
0.2110696907 0.1749210561 -0.9616953752 1.7713000000
-0.4736906948 -0.8423099158 -0.2571768763 1.1472600000
0.0000000000 0.0000000000 0.0000000000 1.0000000000
152 152 153
-0.8358711327 0.5409260226 0.0934250219 1.3837300000
0.2133394624 0.4769268033 -0.8526604689 1.8775500000
-0.5057820384 -0.6927789254 -0.5140524570 0.8642320000
0.0000000000 0.0000000000 0.0000000000 1.0000000000
153 153 154
-0.8191224934 0.5614990135 0.1173227544 1.1344300000
0.2881202188 0.5795854836 -0.7622789016 1.9271300000
-0.4960166433 -0.5905939740 -0.6365319566 0.6577400000
0.0000000000 0.0000000000 0.0000000000 1.0000000000
154 154 155
-0.8036054007 0.5931464151 0.0490381696 0.7622920000
0.3508600352 0.5386747964 -0.7659823853 2.0449800000
-0.4807542486 -0.5983386242 -0.6409949135 0.4997970000
0.0000000000 0.0000000000 0.0000000000 1.0000000000
155 155 156
-0.8189088012 0.5696857045 0.0696553107 0.4575410000
0.3101392341 0.5413683094 -0.7814955806 2.1941400000
-0.4829154374 -0.6183687291 -0.6200141173 0.3419530000
0.0000000000 0.0000000000 0.0000000000 1.0000000000
156 156 157
-0.8103203838 0.5767907587 0.1034336101 0.3563540000
0.2908888256 0.5491561390 -0.7834618848 2.1558000000
-0.5086941932 -0.6047654541 -0.6127753337 0.3094790000
0.0000000000 0.0000000000 0.0000000000 1.0000000000
157 157 158
-0.7527389088 0.6581635884 0.0145638322 -0.0587136000
0.4459321249 0.5260318466 -0.7241802295 2.1779100000
-0.4842891226 -0.5386215329 -0.6894620413 0.0908052000
0.0000000000 0.0000000000 0.0000000000 1.0000000000
158 158 159
-0.7680777474 0.6396768512 0.0296038553 -0.3433980000
0.4152051872 0.5326751676 -0.7374710031 2.2280300000
-0.4875115534 -0.5541410958 -0.6747340866 -0.0518495000
0.0000000000 0.0000000000 0.0000000000 1.0000000000
159 159 160
-0.7716246843 0.6354365832 0.0287282867 -0.5110560000
0.4030396556 0.5233581386 -0.7507715250 2.2228100000
-0.4921016174 -0.5677316227 -0.6599437973 -0.1392680000
0.0000000000 0.0000000000 0.0000000000 1.0000000000
160 160 161
-0.4353710411 0.8377712402 -0.3295420470 -0.9391820000
0.8309715523 0.2331463612 -0.5051064795 2.4129100000
-0.3463306093 -0.4937465194 -0.7976701658 -0.3003900000
0.0000000000 0.0000000000 0.0000000000 1.0000000000
161 161 162
0.3566223028 0.8545279050 -0.3776287817 -1.1218000000
0.9326635736 -0.3020995423 0.1971708766 2.7458600000
0.0544067610 -0.4225159828 -0.9047225127 -0.4197250000
0.0000000000 0.0000000000 0.0000000000 1.0000000000
162 162 163
0.4330232386 0.7579891483 -0.4877972252 -1.2263600000
0.8915163779 -0.2802978610 0.3558623268 2.5813200000
0.1330121414 -0.5889752955 -0.7971353517 -0.4129710000
0.0000000000 0.0000000000 0.0000000000 1.0000000000
163 163 164
0.5126165256 0.6607146534 -0.5483455003 -1.2747000000
0.8410262502 -0.2577669125 0.4756438925 2.6793800000
0.1729204655 -0.7049953282 -0.6878140844 -0.3705850000
0.0000000000 0.0000000000 0.0000000000 1.0000000000
164 164 165
0.3671093718 0.7087587561 -0.6024066399 -1.3472400000
0.9260826233 -0.2177821175 0.3081327970 2.3607000000
0.0871992485 -0.6709961784 -0.7363192074 -0.4571750000
0.0000000000 0.0000000000 0.0000000000 1.0000000000
165 165 166
0.1579542670 0.7640894816 -0.6254770949 -1.4079000000
0.9843690737 -0.1718337912 0.0386791684 2.0046100000
-0.0779221332 -0.6218085038 -0.7792884765 -0.5045160000
0.0000000000 0.0000000000 0.0000000000 1.0000000000
166 166 167
0.3560972249 0.6958168746 -0.6237284844 -1.4719500000
0.9340782116 -0.2839064709 0.2165690336 1.7223300000
-0.0263863581 -0.6597295876 -0.7510461794 -0.4684360000
0.0000000000 0.0000000000 0.0000000000 1.0000000000
167 167 168
0.2999907021 0.7255456983 -0.6193488772 -1.5016900000
0.9537634447 -0.2154876864 0.2095407294 1.5243700000
0.0185710404 -0.6535713162 -0.7566437223 -0.4890920000
0.0000000000 0.0000000000 0.0000000000 1.0000000000
168 168 169
0.1536117500 0.6756131235 -0.7210798436 -1.6464600000
0.9851016669 -0.1618394706 0.0582293550 1.1441100000
-0.0773559265 -0.7192794028 -0.6904091480 -0.4391250000
0.0000000000 0.0000000000 0.0000000000 1.0000000000
169 169 170
0.1238220552 0.5385286316 -0.8334633641 -1.7268300000
0.9913710101 -0.1036238887 0.0803329247 1.1337400000
-0.0431020496 -0.8362157446 -0.5467141207 -0.2329320000
0.0000000000 0.0000000000 0.0000000000 1.0000000000
170 170 171
0.1793104547 0.5641979476 -0.8059372698 -1.6389000000
0.9836920365 -0.1147270766 0.1385511855 1.4007200000
-0.0142893112 -0.8176350833 -0.5755702056 -0.1977850000
0.0000000000 0.0000000000 0.0000000000 1.0000000000
171 171 172
0.2378302559 0.6234794805 -0.7447917909 -1.5792700000
0.9712550897 -0.1445685053 0.1891310752 1.5530200000
0.0102481757 -0.7683621218 -0.6399412069 -0.2996710000
0.0000000000 0.0000000000 0.0000000000 1.0000000000
172 172 173
0.2272099653 0.4986000231 -0.8365288134 -1.5772100000
0.9737357447 -0.1032051725 0.2029707107 1.4848700000
0.0148707193 -0.8606720786 -0.5089555250 -0.2327080000
0.0000000000 0.0000000000 0.0000000000 1.0000000000
173 173 174
0.2124162228 0.7912097142 -0.5734714643 -1.4931600000
0.9771426374 -0.1668000302 0.1318121278 1.6904400000
0.0086370485 -0.5883615885 -0.8085560555 -0.4110240000
0.0000000000 0.0000000000 0.0000000000 1.0000000000
174 174 175
0.3146256617 0.8603473329 -0.4010188134 -1.3250100000
0.9482267056 -0.2655787377 0.1741822533 1.9310800000
0.0433559311 -0.4350583976 -0.8993623135 -0.5389850000
0.0000000000 0.0000000000 0.0000000000 1.0000000000
175 175 176
0.3473840911 0.8532042562 -0.3890621737 -1.2709100000
0.9322164435 -0.2693175638 0.2417552051 2.2829200000
0.1014858626 -0.4466716623 -0.8889277398 -0.5353260000
0.0000000000 0.0000000000 0.0000000000 1.0000000000
176 176 177
0.3522317314 0.8556661893 -0.3791699883 -1.2104300000
0.9319275876 -0.2833098685 0.2263843149 2.6340100000
0.0862871889 -0.4330984404 -0.8972096975 -0.5116890000
0.0000000000 0.0000000000 0.0000000000 1.0000000000
177 177 178
0.4947110319 0.8095927641 -0.3159466685 -1.2107100000
0.8537815488 -0.3848952562 0.3505959136 2.7606000000
0.1622338064 -0.4431929422 -0.8816273083 -0.5008990000
0.0000000000 0.0000000000 0.0000000000 1.0000000000
178 178 179
0.3956308718 0.8719775738 -0.2883303155 -1.2294600000
0.9150095092 -0.3472458433 0.2053891775 2.4567400000
0.0789737809 -0.3450829277 -0.9352489889 -0.5537640000
0.0000000000 0.0000000000 0.0000000000 1.0000000000
179 179 180
0.2550876503 0.8922386645 -0.3726149025 -1.3598100000
0.9656222079 -0.2550212769 0.0504011350 2.0963600000
-0.0500544870 -0.3726616271 -0.9266183168 -0.6016380000
0.0000000000 0.0000000000 0.0000000000 1.0000000000
180 180 181
0.1958347998 0.8716613559 -0.4492866461 -1.4996900000
0.9703718967 -0.2383761053 -0.0395001682 1.6512400000
-0.1415287667 -0.4282386739 -0.8925183259 -0.5844070000
0.0000000000 0.0000000000 0.0000000000 1.0000000000
181 181 182
0.1386120047 0.5936510965 -0.7926986818 -1.6201300000
0.9903039350 -0.0753833397 0.1167180335 1.6454400000
0.0095362932 -0.8011887160 -0.5983452534 -0.3388650000
0.0000000000 0.0000000000 0.0000000000 1.0000000000
182 182 183
0.1482211370 0.4877404996 -0.8603169602 -1.6435700000
0.9889198255 -0.0655540237 0.1332186904 1.6233200000
0.0085816983 -0.8705279122 -0.4920541328 -0.2867030000
0.0000000000 0.0000000000 0.0000000000 1.0000000000
183 183 184
0.1430752716 0.4822269799 -0.8642883871 -1.6280100000
0.9893363180 -0.0938707344 0.1114087249 1.6830000000
-0.0274030295 -0.8710082629 -0.4905173429 -0.2799840000
0.0000000000 0.0000000000 0.0000000000 1.0000000000
184 184 185
0.2264674374 0.4739879474 -0.8509135892 -1.6100100000
0.9729482817 -0.0690849142 0.2204704585 2.0902700000
0.0457181762 -0.8778217403 -0.4768126637 -0.2583560000
0.0000000000 0.0000000000 0.0000000000 1.0000000000
185 185 186
0.3161167309 0.4867514576 -0.8143396860 -1.5380300000
0.9476149744 -0.1205234619 0.2958202350 2.3454100000
0.0458472036 -0.8651917530 -0.4993537672 -0.2675850000
0.0000000000 0.0000000000 0.0000000000 1.0000000000
186 186 187
0.4142726465 0.4596177942 -0.7855785324 -1.3707200000
0.9067212105 -0.1335137620 0.4000480100 2.6388100000
0.0789860351 -0.8780280446 -0.4720571405 -0.1452190000
0.0000000000 0.0000000000 0.0000000000 1.0000000000
187 187 188
0.3845371858 0.6417437503 -0.6635508214 -1.1706200000
0.9177287635 -0.1882620069 0.3497688477 2.8860000000
0.0995422034 -0.7434576579 -0.6613408549 -0.2671450000
0.0000000000 0.0000000000 0.0000000000 1.0000000000
188 188 189
0.3592345274 0.6998421326 -0.6173945501 -1.1608400000
0.9290891067 -0.2057955332 0.3073273065 2.8086200000
0.0880254103 -0.6840158119 -0.7241449914 -0.3525290000
0.0000000000 0.0000000000 0.0000000000 1.0000000000
189 189 190
0.2052282695 0.7034978095 -0.6804224092 -1.3169200000
0.9784326694 -0.1641869185 0.1253625891 2.3222100000
-0.0235230600 -0.6914745833 -0.7220214043 -0.4016730000
0.0000000000 0.0000000000 0.0000000000 1.0000000000
190 190 191
0.0999349120 0.7350199592 -0.6706431430 -1.5353700000
0.9901073372 -0.1401950428 -0.0061082571 1.9502800000
-0.0985090172 -0.6633969472 -0.7417596229 -0.4900880000
0.0000000000 0.0000000000 0.0000000000 1.0000000000
191 191 192
0.1403895079 0.7060029594 -0.6941583479 -1.5504400000
0.9875432004 -0.1501962346 0.0469732083 1.6208700000
-0.0710944294 -0.6921039492 -0.7182952800 -0.4335560000
0.0000000000 0.0000000000 0.0000000000 1.0000000000
192 192 193
0.2134578275 0.6301495775 -0.7465595142 -1.6302400000
0.9762856086 -0.1658608371 0.1391484409 1.2134100000
-0.0361387430 -0.7585561206 -0.6506109949 -0.3891630000
0.0000000000 0.0000000000 0.0000000000 1.0000000000
193 193 194
0.1354962307 0.5162848212 -0.8456342548 -1.7694500000
0.9903717960 -0.0951147066 0.1006239550 0.8859320000
-0.0284783281 -0.8511236444 -0.5242032563 -0.3220390000
0.0000000000 0.0000000000 0.0000000000 1.0000000000
194 194 195
0.2365024978 0.3643357243 -0.9007398914 -1.8439400000
0.9706402586 -0.0466774291 0.2359816674 0.8012150000
0.0439358662 -0.9301017896 -0.3646800892 -0.1238340000
0.0000000000 0.0000000000 0.0000000000 1.0000000000
195 195 196
0.1620405698 0.4690852002 -0.8681639480 -1.8277300000
0.9863562297 -0.1030089525 0.1284499081 0.8625560000
-0.0291711143 -0.8771300164 -0.4793785875 -0.2270330000
0.0000000000 0.0000000000 0.0000000000 1.0000000000
196 196 197
0.1244623478 0.6556390758 -0.7447501214 -1.6727500000
0.9907669289 -0.1228369393 0.0574452087 0.9721710000
-0.0538166667 -0.7450211149 -0.6648752715 -0.4151450000
0.0000000000 0.0000000000 0.0000000000 1.0000000000
197 197 198
-0.1214941795 0.7390323092 -0.6626269712 -1.6208600000
0.9854997448 0.0101356159 -0.1693845760 1.1910900000
-0.1184631167 -0.6735964130 -0.7295482671 -0.5093630000
0.0000000000 0.0000000000 0.0000000000 1.0000000000
198 198 199
-0.6917725831 0.5881870073 -0.4189190665 -1.6266800000
0.5816725558 0.1101001890 -0.8059394377 1.3553900000
-0.4279184240 -0.8011974687 -0.4182987485 -0.4477860000
0.0000000000 0.0000000000 0.0000000000 1.0000000000
199 199 200
-0.8027786871 0.5379382541 -0.2572558885 -1.7764600000
0.3609179159 0.0949239911 -0.9277572996 1.6024200000
-0.4746539954 -0.8376262793 -0.2703592061 -0.4819250000
0.0000000000 0.0000000000 0.0000000000 1.0000000000
200 200 201
-0.8364224551 0.5299748026 -0.1397800996 -1.9242200000
0.3111497462 0.2491713251 -0.9171179472 1.5451400000
-0.4512179108 -0.8105838651 -0.3733187402 -0.6063730000
0.0000000000 0.0000000000 0.0000000000 1.0000000000
201 201 202
-0.7979936335 0.5813395235 -0.1589283385 -2.1373700000
0.3862038311 0.2908196243 -0.8753705404 1.4379300000
-0.4626666826 -0.7599153509 -0.4565900088 -0.7263230000
0.0000000000 0.0000000000 0.0000000000 1.0000000000
202 202 203
-0.8859560137 0.4633949231 0.0189062872 -2.4059500000
0.1447454914 0.3150021256 -0.9379904939 1.5153800000
-0.4406143951 -0.8282768675 -0.3461557177 -0.8624780000
0.0000000000 0.0000000000 0.0000000000 1.0000000000
203 203 204
-0.8930862145 0.3688526553 0.2576055230 -2.6342600000
-0.1494039159 0.2969381924 -0.9431394780 1.5315400000
-0.4243717199 -0.8807844933 -0.2100891860 -0.9638000000
0.0000000000 0.0000000000 0.0000000000 1.0000000000
204 204 205
-0.8587485707 0.2428851711 0.4511879937 -2.8407900000
-0.3550387808 0.3528640022 -0.8657014256 1.4541000000
-0.3694743241 -0.9036029480 -0.2167922826 -1.1048800000
0.0000000000 0.0000000000 0.0000000000 1.0000000000
205 205 206
-0.8511715721 0.3139659521 0.4206484311 -2.8492300000
-0.2647846153 0.4351258109 -0.8605571056 1.4404200000
-0.4532205084 -0.8438571001 -0.2872372592 -1.1482800000
0.0000000000 0.0000000000 0.0000000000 1.0000000000
206 206 207
-0.7567510213 0.4946606328 0.4273729053 -2.5378400000
-0.1287726655 0.5281536782 -0.8393292976 1.5885700000
-0.6409011956 -0.6901933987 -0.3359843156 -1.0212800000
0.0000000000 0.0000000000 0.0000000000 1.0000000000
207 207 208
-0.8093771399 0.5634140977 0.1657850715 -2.3187800000
-0.0219156202 0.2531107924 -0.9671914884 1.6049700000
-0.5868899735 -0.7864503953 -0.1925188499 -0.7680440000
0.0000000000 0.0000000000 0.0000000000 1.0000000000
208 208 209
-0.8243085773 0.5661367903 0.0037221280 -2.0259100000
0.1745543085 0.2603950653 -0.9495941207 1.6746600000
-0.5385680207 -0.7821044274 -0.3134707062 -0.6532250000
0.0000000000 0.0000000000 0.0000000000 1.0000000000
209 209 210
-0.8538284708 0.4425016121 0.2741830938 -1.8836700000
0.0752157698 0.6260482620 -0.7761492089 1.8033400000
-0.5150986640 -0.6420726826 -0.5678221939 -0.8088350000
0.0000000000 0.0000000000 0.0000000000 1.0000000000
210 210 211
-0.8196418865 0.5692801743 -0.0641642733 -1.9464500000
0.2254628060 0.2175785980 -0.9496474544 1.9933800000
-0.5266531059 -0.7928327993 -0.3066915237 -0.6283800000
0.0000000000 0.0000000000 0.0000000000 1.0000000000
211 211 212
-0.7832105956 0.5847112356 -0.2114302451 -2.3077000000
0.3624088534 0.1529910491 -0.9193790017 2.2422500000
-0.5052225258 -0.7966873269 -0.3317319484 -0.7918650000
0.0000000000 0.0000000000 0.0000000000 1.0000000000
212 212 213
-0.7840411748 0.5386340480 -0.3084900171 -2.3914300000
0.3925896356 0.0453449133 -0.9185991125 2.2709500000
-0.4807973651 -0.8413229546 -0.2470199806 -0.6298170000
0.0000000000 0.0000000000 0.0000000000 1.0000000000
213 213 214
-0.7950895126 0.5054098626 -0.3352740999 -2.4638300000
0.3495648622 -0.0698786391 -0.9343074616 2.3571100000
-0.4956331894 -0.8600505197 -0.1211211313 -0.4592750000
0.0000000000 0.0000000000 0.0000000000 1.0000000000
214 214 215
-0.8155230804 0.4981657199 -0.2945711418 -2.4828400000
0.2726017723 -0.1183451322 -0.9548269432 2.4109200000
-0.5105188692 -0.8589744660 -0.0392976563 -0.4320810000
0.0000000000 0.0000000000 0.0000000000 1.0000000000
215 215 216
-0.6887395541 0.4769115318 -0.5460798417 -2.3129500000
0.6159856918 -0.0123237749 -0.7876647334 2.5729600000
-0.3823734172 -0.8788683039 -0.2852869904 -0.6572480000
0.0000000000 0.0000000000 0.0000000000 1.0000000000
216 216 217
0.2916901331 0.4881125783 -0.8225976794 -2.2672000000
0.9548976754 -0.0986141088 0.2800925504 2.9745000000
0.0555991067 -0.8671952019 -0.4948632023 -0.6681820000
0.0000000000 0.0000000000 0.0000000000 1.0000000000
217 217 218
0.4434852598 0.4803537280 -0.7566931717 -2.0908900000
0.8884391064 -0.1241512299 0.4418929357 3.1927600000
0.1183225016 -0.8682474926 -0.4818248911 -0.5900840000
0.0000000000 0.0000000000 0.0000000000 1.0000000000
218 218 219
0.4386812241 0.5021163861 -0.7452798746 -1.7878100000
0.8887356695 -0.1195931118 0.4425547659 3.2493400000
0.1330859360 -0.8564957360 -0.4987126725 -0.4319910000
0.0000000000 0.0000000000 0.0000000000 1.0000000000
219 219 220
0.4860915206 0.4337120397 -0.7586919139 -1.5196700000
0.8604722669 -0.0858766912 0.5022173061 3.4772900000
0.1526664061 -0.8969551891 -0.4149419263 -0.1654230000
0.0000000000 0.0000000000 0.0000000000 1.0000000000
220 220 221
0.4174292396 0.3905953688 -0.8204838398 -1.3338000000
0.9030438986 -0.0776177365 0.4224898147 3.5046700000
0.1013419498 -0.9172901308 -0.3851260096 0.0194722000
0.0000000000 0.0000000000 0.0000000000 1.0000000000
221 221 222
0.4020541358 0.3868771887 -0.8298702035 -1.1275100000
0.9117794268 -0.0862563863 0.4015334217 3.5857000000
0.0837662860 -0.9180941416 -0.3874278976 0.1301140000
0.0000000000 0.0000000000 0.0000000000 1.0000000000
222 222 223
0.3984576571 0.5111850530 -0.7615282371 -0.9755690000
0.9120977746 -0.1334876213 0.3876417016 3.6107200000
0.0965042170 -0.8490455116 -0.5194406164 0.0393290000
0.0000000000 0.0000000000 0.0000000000 1.0000000000
223 223 224
0.3524255514 0.5537382699 -0.7544367418 -0.7913320000
0.9310795614 -0.1262456079 0.3422878374 3.6553900000
0.0942959139 -0.8230698887 -0.5600673290 -0.0220494000
0.0000000000 0.0000000000 0.0000000000 1.0000000000
224 224 225
0.4940472001 0.5235858208 -0.6941026970 -0.5817360000
0.8508873259 -0.1271493685 0.5097363554 3.5267900000
0.1786376903 -0.8424359214 -0.5083307355 0.0825470000
0.0000000000 0.0000000000 0.0000000000 1.0000000000
225 225 226
0.6884186402 0.4949753579 -0.5301725721 -0.3652010000
0.6722541888 -0.1609988413 0.7226117793 3.4359100000
0.2723194206 -0.8538693536 -0.4435840372 0.1909380000
0.0000000000 0.0000000000 0.0000000000 1.0000000000
226 226 227
0.4225766389 0.4901031400 -0.7623857637 -0.5742080000
0.9029247618 -0.1548137737 0.4009587043 3.2006300000
0.0784857643 -0.8578111215 -0.5079477523 0.1300570000
0.0000000000 0.0000000000 0.0000000000 1.0000000000
227 227 228
-0.7672058857 0.4884315880 -0.4157390914 -0.5402440000
0.4937090543 0.0359174203 -0.8688880083 2.9670300000
-0.4094579075 -0.8718655774 -0.2687029935 0.2041230000
0.0000000000 0.0000000000 0.0000000000 1.0000000000
228 228 229
-0.7443057590 0.5370667960 -0.3969661438 -0.2233840000
0.4833187171 0.0229556972 -0.8751479040 3.1346900000
-0.4608968219 -0.8432319330 -0.2766662593 0.3762960000
0.0000000000 0.0000000000 0.0000000000 1.0000000000
229 229 230
-0.7341801212 0.5551865625 -0.3908438399 0.1255630000
0.4710483550 0.0019165694 -0.8821090518 3.1887500000
-0.4889831016 -0.8317276074 -0.2629316862 0.5642000000
0.0000000000 0.0000000000 0.0000000000 1.0000000000
230 230 231
-0.7765353575 0.5398559597 -0.3248980087 0.4835940000
0.3895495929 0.0060551822 -0.9209887250 3.0011800000
-0.4952315499 -0.8417390687 -0.2150072568 0.7253730000
0.0000000000 0.0000000000 0.0000000000 1.0000000000
231 231 232
-0.8183124385 0.5128746635 -0.2594885145 0.9565140000
0.2894150586 -0.0223960818 -0.9569445845 2.9672200000
-0.4966020877 -0.8581745705 -0.1301113419 0.9943510000
0.0000000000 0.0000000000 0.0000000000 1.0000000000
232 232 233
-0.8367913748 0.4961260155 -0.2316289988 1.3225900000
0.2486095395 -0.0326497131 -0.9680570754 2.8529600000
-0.4878384090 -0.8676405829 -0.0960268514 1.1880600000
0.0000000000 0.0000000000 0.0000000000 1.0000000000
233 233 234
-0.8066204920 0.4956428587 0.3220537584 1.5923000000
-0.3322327451 0.0704667506 -0.9405661223 2.7580200000
-0.4888781747 -0.8656681720 0.1078201435 1.2943600000
0.0000000000 0.0000000000 0.0000000000 1.0000000000
234 234 235
-0.7195620740 0.4124253500 0.5587042138 1.4286200000
-0.5677738682 0.1138436072 -0.8152791028 2.8214000000
-0.3998473489 -0.9038542535 0.1522393076 1.1564700000
0.0000000000 0.0000000000 0.0000000000 1.0000000000
235 235 236
-0.4147885108 0.3959954502 0.8192278656 1.4243300000
-0.8582015421 0.1289447171 -0.4968511187 2.8526900000
-0.3023851939 -0.9091526409 0.2863612297 1.1427800000
0.0000000000 0.0000000000 0.0000000000 1.0000000000
236 236 237
0.2647810554 0.2988977265 0.9168171989 1.3526300000
-0.9643044032 0.0788530982 0.2527894527 3.1531600000
0.0032626677 -0.9510234690 0.3091054707 1.1295200000
0.0000000000 0.0000000000 0.0000000000 1.0000000000
237 237 238
0.6847013322 0.3084966525 0.6603145246 1.3938000000
-0.6931995535 -0.0041410856 0.7207368414 2.9262300000
0.2250773979 -0.9512187083 0.2110131822 1.2753900000
0.0000000000 0.0000000000 0.0000000000 1.0000000000
238 238 239
0.7981456396 0.3703701985 0.4751742782 1.1964600000
-0.5263304877 0.0448715550 0.8490984386 2.7508800000
0.2931567777 -0.9278027036 0.2307500677 1.4016900000
0.0000000000 0.0000000000 0.0000000000 1.0000000000
239 239 240
0.8601963253 0.3674247040 0.3536419439 1.3485700000
-0.3909486161 0.0298447147 0.9199332510 2.4633300000
0.3274488008 -0.9295789873 0.1693152393 1.5085500000
0.0000000000 0.0000000000 0.0000000000 1.0000000000
240 240 241
0.7957978698 0.4171455522 0.4389724940 1.3448600000
-0.4867668839 0.0094267122 0.8734852438 2.4401500000
0.3602294587 -0.9087948386 0.2105528977 1.2063700000
0.0000000000 0.0000000000 0.0000000000 1.0000000000
241 241 242
0.8766193466 0.3900892041 0.2817266051 1.0114300000
-0.3032041295 -0.0068304229 0.9529052004 2.5204500000
0.3736398306 -0.9207559274 0.1122880470 0.9287220000
0.0000000000 0.0000000000 0.0000000000 1.0000000000
242 242 243
0.8692328722 0.3840901812 0.3113031191 0.6644290000
-0.3257860730 -0.0286429907 0.9450123838 2.5825000000
0.3718848395 -0.9228541074 0.1002331223 0.7507260000
0.0000000000 0.0000000000 0.0000000000 1.0000000000
243 243 244
0.8323861563 0.3583734224 0.4227328000 0.4086160000
-0.4222341430 -0.0839731642 0.9025934171 2.3453400000
0.3589608036 -0.9297983857 0.0814181605 0.8770210000
0.0000000000 0.0000000000 0.0000000000 1.0000000000
244 244 245
0.8222537649 0.3924722945 0.4121470534 0.0383544000
-0.4522310480 0.0109073000 0.8918370891 2.3524500000
0.3455239135 -0.9197020237 0.1864557820 0.8282330000
0.0000000000 0.0000000000 0.0000000000 1.0000000000
245 245 246
0.8944706591 0.4188229914 0.1565576521 -0.3010950000
-0.1996674366 0.0608521591 0.9779757983 2.5155800000
0.4000698831 -0.9060303798 0.1380551289 0.6583620000
0.0000000000 0.0000000000 0.0000000000 1.0000000000
246 246 247
0.8891125418 0.3623823001 0.2795688352 -0.5079450000
-0.3210204728 0.0583740956 0.9452750497 2.5327500000
0.3262292462 -0.9302032747 0.1682325043 0.3922650000
0.0000000000 0.0000000000 0.0000000000 1.0000000000
247 247 248
0.8815724569 0.3878169160 0.2691257129 -0.7243840000
-0.3050836646 0.0330346473 0.9517550220 2.5805600000
0.3602146129 -0.9211469503 0.1474384449 0.0901338000
0.0000000000 0.0000000000 0.0000000000 1.0000000000
248 248 249
0.8904576349 0.4323688973 0.1419264437 -1.0373800000
-0.1729141196 0.0329836254 0.9843879612 2.7827600000
0.4209354891 -0.9010971577 0.1041325664 -0.0683208000
0.0000000000 0.0000000000 0.0000000000 1.0000000000
249 249 250
0.8689235052 0.4063416420 0.2825940269 -1.2829100000
-0.3265723040 0.0416507455 0.9442578314 2.8728400000
0.3719185990 -0.9127753239 0.1688902802 0.0766923000
0.0000000000 0.0000000000 0.0000000000 1.0000000000
250 250 251
0.8677480538 0.4459809881 0.2193515126 -1.4576700000
-0.2952848282 0.1076166716 0.9493318736 2.9996800000
0.3997761849 -0.8885522462 0.2250748095 0.0994161000
0.0000000000 0.0000000000 0.0000000000 1.0000000000
251 251 252
0.8820381433 0.4383683423 0.1727505569 -1.6571200000
-0.2500517688 0.1247474641 0.9601658455 3.0532000000
0.3993540677 -0.8900997328 0.2196460389 -0.2471940000
0.0000000000 0.0000000000 0.0000000000 1.0000000000
252 252 253
0.8985556556 0.3552413445 0.2576857192 -1.7449500000
-0.2914708992 0.0441025563 0.9555654963 3.2162200000
0.3280900146 -0.9337367348 0.1431705137 -0.4953320000
0.0000000000 0.0000000000 0.0000000000 1.0000000000
253 253 254
0.8868635505 0.4459492905 0.1208441697 -2.1146400000
-0.0993273995 -0.0714179836 0.9924935221 3.2401200000
0.4512295987 -0.8922099271 -0.0190437841 -0.7288020000
0.0000000000 0.0000000000 0.0000000000 1.0000000000
254 254 255
0.8280448105 0.5589275165 0.0440801496 -2.2169400000
-0.1378099011 0.1266893775 0.9823260726 3.3945400000
0.5434624729 -0.8194852731 0.1819294105 -0.5255410000
0.0000000000 0.0000000000 0.0000000000 1.0000000000
255 255 256
0.4925510894 0.6805363472 0.5424631970 -2.1604900000
-0.7666225736 0.0442480658 0.6405754170 3.4335200000
0.4119294474 -0.7313804177 0.5435063644 -0.3880340000
0.0000000000 0.0000000000 0.0000000000 1.0000000000
256 256 257
-0.2038509473 0.5744187069 0.7927703862 -1.8312000000
-0.9777843081 -0.0791095263 -0.1941051030 3.0819700000
-0.0487809685 -0.8147282329 0.5777865109 -0.2435150000
0.0000000000 0.0000000000 0.0000000000 1.0000000000
257 257 258
-0.2613847042 0.4905686580 0.8312737881 -1.5644400000
-0.9519558370 0.0113317280 -0.3060200848 3.1505000000
-0.1595424812 -0.8713269190 0.4640406906 -0.1020040000
0.0000000000 0.0000000000 0.0000000000 1.0000000000
258 258 259
-0.2518548276 0.5583439166 0.7904532228 -1.5020600000
-0.9569390549 -0.0218646532 -0.2894573659 3.1274400000
-0.1443325043 -0.8293189931 0.5398113815 0.0454922000
0.0000000000 0.0000000000 0.0000000000 1.0000000000
259 259 260
-0.2368119399 0.4491742678 0.8614867659 -1.3976300000
-0.9595782782 0.0306595144 -0.2797625162 3.1398800000
-0.1520739902 -0.8929165777 0.4237593968 0.0195710000
0.0000000000 0.0000000000 0.0000000000 1.0000000000
260 260 261
-0.2552596132 0.3862578163 0.8863651578 -1.1758800000
-0.9568526300 0.0307060585 -0.2889410169 3.0322400000
-0.1388212452 -0.9218778478 0.3617564675 -0.1245930000
0.0000000000 0.0000000000 0.0000000000 1.0000000000
261 261 262
-0.3526680605 0.2498120994 0.9017922814 -0.9250060000
-0.9250740918 0.0521067472 -0.3762046444 3.0135900000
-0.1409727930 -0.9668949916 0.2127126298 -0.2565130000
0.0000000000 0.0000000000 0.0000000000 1.0000000000
262 262 263
-0.2778190214 0.3862177769 0.8795722893 -0.8656850000
-0.9580947290 -0.0449114016 -0.2829016807 2.9031200000
-0.0697572469 -0.9213114021 0.3825137995 0.0725410000
0.0000000000 0.0000000000 0.0000000000 1.0000000000
263 263 264
-0.2555123840 0.4872014796 0.8350722344 -0.7565030000
-0.9546359525 0.0094697234 -0.2976214836 2.8846500000
-0.1529088502 -0.8732371199 0.4626821204 0.3393590000
0.0000000000 0.0000000000 0.0000000000 1.0000000000
264 264 265
-0.5140477133 0.4964215452 0.6995204837 -0.6643880000
-0.8417508326 -0.1350903018 -0.5226972122 2.6634400000
-0.1649811913 -0.8575094689 0.4873002473 0.4299390000
0.0000000000 0.0000000000 0.0000000000 1.0000000000
265 265 266
-0.9038138935 0.4227352704 0.0665493866 -0.5292920000
-0.1783419092 -0.2307151947 -0.9565424084 2.3774300000
-0.3890091171 -0.8763983721 0.2839064492 0.4876630000
0.0000000000 0.0000000000 0.0000000000 1.0000000000
266 266 267
-0.8330557019 0.4742009275 -0.2849035180 -0.4089410000
0.1828452942 -0.2500508329 -0.9508179027 2.1577000000
-0.5221150569 -0.8441685649 0.1215898369 0.5080160000
0.0000000000 0.0000000000 0.0000000000 1.0000000000
267 267 268
-0.7672034857 0.4942092075 -0.4088682298 -0.0981304000
0.3961934659 -0.1361829467 -0.9080176068 2.1125400000
-0.5044271084 -0.8586166175 -0.0913312244 0.6925050000
0.0000000000 0.0000000000 0.0000000000 1.0000000000
268 268 269
-0.7924529698 0.5014802324 -0.3472082854 0.0868622000
0.2876437958 -0.1947247309 -0.9377393780 1.9214200000
-0.5378634247 -0.8429778590 0.0100526380 0.8051620000
0.0000000000 0.0000000000 0.0000000000 1.0000000000
269 269 270
-0.8369811506 0.5184779982 -0.1751011035 0.5056140000
0.1262506630 -0.1284014592 -0.9836587053 1.7829800000
-0.5324853061 -0.8454018238 0.0420019698 1.0176800000
0.0000000000 0.0000000000 0.0000000000 1.0000000000
270 270 271
-0.8520248206 0.4514495118 -0.2650760865 0.6584730000
0.2143331972 -0.1611587232 -0.9633797863 1.5722800000
-0.4776329908 -0.8776290050 0.0405404749 1.1264800000
0.0000000000 0.0000000000 0.0000000000 1.0000000000
271 271 272
0.0623769326 0.3997047496 -0.9145245362 0.5956050000
0.9968892242 -0.0692838647 0.0377214287 1.8436400000
-0.0482792792 -0.9140279781 -0.4027862607 0.8918440000
0.0000000000 0.0000000000 0.0000000000 1.0000000000
272 272 273
0.4052866103 0.4333047912 -0.8049806038 0.6952470000
0.9019204218 -0.0457314292 0.4294826101 2.2677400000
0.1492861924 -0.9000903941 -0.4093415631 0.8555160000
0.0000000000 0.0000000000 0.0000000000 1.0000000000
273 273 274
0.4169898134 0.4856976294 -0.7682597381 0.4633400000
0.8854956928 -0.0264571900 0.4639045812 2.4519200000
0.2049941231 -0.8737321644 -0.4411163630 0.7847310000
0.0000000000 0.0000000000 0.0000000000 1.0000000000
274 274 275
0.3945401807 0.4366688251 -0.8084946528 0.3623670000
0.9080362047 -0.0505011577 0.4158472580 2.8104900000
0.1407604964 -0.8982087888 -0.4164368712 0.8444900000
0.0000000000 0.0000000000 0.0000000000 1.0000000000
275 275 276
0.4676546282 0.4349899696 -0.7694720240 0.3879190000
0.8739703411 -0.0973506295 0.4761382195 2.8908600000
0.1322093498 -0.8951622689 -0.4256956324 0.7556620000
0.0000000000 0.0000000000 0.0000000000 1.0000000000
276 276 277
0.5042007062 0.5431088776 -0.6714289565 0.4625570000
0.8543980025 -0.2005968648 0.4793442197 2.9116000000
0.1256509053 -0.8153524236 -0.5651725451 0.5881550000
0.0000000000 0.0000000000 0.0000000000 1.0000000000
277 277 278
0.5819876269 0.5609049409 -0.5887940198 0.3626920000
0.7970480616 -0.2498708636 0.5498053843 2.7470800000
0.1612672873 -0.7892763904 -0.5924901586 0.5091900000
0.0000000000 0.0000000000 0.0000000000 1.0000000000
278 278 279
0.6760515408 0.5287314642 -0.5132240682 0.4815070000
0.6898727844 -0.2094475956 0.6929741601 3.1721400000
0.2589043198 -0.8225452474 -0.5063548835 0.5969300000
0.0000000000 0.0000000000 0.0000000000 1.0000000000
279 279 280
0.5553823421 0.5479782521 -0.6255179891 0.3082980000
0.8048424179 -0.1649371145 0.5701148043 3.5003000000
0.2092405358 -0.8200744131 -0.5326395156 0.5383380000
0.0000000000 0.0000000000 0.0000000000 1.0000000000
280 280 281
0.4419574486 0.5791074368 -0.6850627202 0.3786300000
0.8843032799 -0.1530471727 0.4411234912 3.8520900000
0.1506122942 -0.8007601401 -0.5797472663 0.5820940000
0.0000000000 0.0000000000 0.0000000000 1.0000000000
281 281 282
0.4079037552 0.5297239066 -0.7436467984 0.4390030000
0.9088873591 -0.1581204346 0.3859124872 3.8586200000
0.0868432297 -0.8333050234 -0.5459578769 0.6906950000
0.0000000000 0.0000000000 0.0000000000 1.0000000000
282 282 283
0.3563010500 0.4700689701 -0.8075202335 0.5850640000
0.9305527159 -0.1004453265 0.3521215180 3.7343900000
0.0844121261 -0.8768997000 -0.4732136164 0.8143370000
0.0000000000 0.0000000000 0.0000000000 1.0000000000
283 283 284
0.4084405063 0.4860444092 -0.7726199737 0.8564510000
0.9075471645 -0.1256763515 0.4007144186 3.5116200000
0.0976674757 -0.8648553251 -0.4924403814 0.9919200000
0.0000000000 0.0000000000 0.0000000000 1.0000000000
284 284 285
0.0894924972 0.4542755998 -0.8863590183 0.9830270000
0.9770547675 -0.2127584206 -0.0103862700 3.1453300000
-0.1932941054 -0.8650881878 -0.4628951560 1.1340800000
0.0000000000 0.0000000000 0.0000000000 1.0000000000
285 285 286
-0.6385944792 0.5078141140 -0.5782120468 0.7255880000
0.6238065352 -0.0983972247 -0.7753633056 2.7678000000
-0.4506326133 -0.8558315690 -0.2539451214 1.0610600000
0.0000000000 0.0000000000 0.0000000000 1.0000000000
286 286 287
-0.6339932130 0.5111436681 -0.5803410265 0.3245060000
0.6047976727 -0.1399720074 -0.7839867678 2.4758800000
-0.4819578111 -0.8480257234 -0.2204024040 0.8866890000
0.0000000000 0.0000000000 0.0000000000 1.0000000000
287 287 288
-0.7517314133 0.5055441215 -0.4234829763 0.1925040000
0.4277564194 -0.1149694703 -0.8965570917 2.2103300000
-0.5019333976 -0.8551112876 -0.1298299304 0.8254050000
0.0000000000 0.0000000000 0.0000000000 1.0000000000
288 288 289
-0.7750718210 0.5823071917 0.2453438883 0.4012440000
-0.3244834691 -0.0336178382 -0.9452973520 2.0404200000
-0.5422045438 -0.8122776249 0.2149986748 0.9460100000
0.0000000000 0.0000000000 0.0000000000 1.0000000000
289 289 290
-0.2731698417 0.5759336658 0.7705018455 0.6858230000
-0.9232656827 0.0679255710 -0.3781038592 2.2571000000
-0.2700984276 -0.8146670864 0.5131883214 1.0652200000
0.0000000000 0.0000000000 0.0000000000 1.0000000000
290 290 291
-0.5382940108 0.6022810023 0.5894953402 0.5844990000
-0.7868772913 -0.1087101686 -0.6074633389 2.1671700000
-0.3017802018 -0.7908509177 0.5324338898 1.1475000000
0.0000000000 0.0000000000 0.0000000000 1.0000000000
291 291 292
-0.8280555921 0.5589291030 0.0439596673 0.2645260000
-0.2666364342 -0.3236225959 -0.9078440697 1.9976200000
-0.4931928695 -0.7634619183 0.4170011562 1.0961200000
0.0000000000 0.0000000000 0.0000000000 1.0000000000
292 292 293
-0.3100911719 0.7492811249 0.5851655833 0.4781680000
-0.8838592181 -0.0004877302 -0.4677507186 2.2229300000
-0.3501911574 -0.6622504420 0.6624121533 1.1854600000
0.0000000000 0.0000000000 0.0000000000 1.0000000000
293 293 294
0.4477232699 0.6616941402 0.6014200545 0.6026730000
-0.8870818553 0.2441520869 0.3917618911 2.5544700000
0.1123877180 -0.7089093469 0.6962882144 1.2484000000
0.0000000000 0.0000000000 0.0000000000 1.0000000000
294 294 295
0.9527915265 0.2685603115 -0.1416471524 0.2956100000
0.0551120246 0.3057965984 0.9505023811 2.7211700000
0.2985820180 -0.9134371739 0.2765594578 1.0722100000
0.0000000000 0.0000000000 0.0000000000 1.0000000000
295 295 296
0.5448907704 0.1140766881 -0.8307138566 0.0543042000
0.8326037629 0.0437656233 0.5521466772 2.6897000000
0.0993477545 -0.9925127144 -0.0711350473 0.9322570000
0.0000000000 0.0000000000 0.0000000000 1.0000000000
296 296 297
0.4771366999 0.1055710614 -0.8724679148 0.0079765900
0.8786330456 -0.0361911305 0.4761343996 2.6289300000
0.0186944484 -0.9937578912 -0.1100284617 0.8982890000
0.0000000000 0.0000000000 0.0000000000 1.0000000000
297 297 298
0.1777211984 0.1765231191 -0.9681243540 -0.1207500000
0.9819882443 -0.0960193194 0.1627658082 2.2589100000
-0.0642204356 -0.9796087019 -0.1904127227 0.8270560000
0.0000000000 0.0000000000 0.0000000000 1.0000000000
298 298 299
0.0620976984 0.1707965287 -0.9833521561 -0.2111820000
0.9979430389 -0.0266278039 0.0583998950 2.0790400000
-0.0162051913 -0.9849514721 -0.1721025516 0.7775450000
0.0000000000 0.0000000000 0.0000000000 1.0000000000
299 299 300
-0.2061003631 0.1712609352 -0.9634304064 -0.2687630000
0.9649253121 -0.1280631791 -0.2291820315 1.6703400000
-0.1626271749 -0.9768699778 -0.1388630254 0.7692500000
0.0000000000 0.0000000000 0.0000000000 1.0000000000
300 300 301
-0.4122520459 0.1686289172 -0.8953316575 -0.3010820000
0.8672335265 -0.2285439131 -0.4423563236 1.6272400000
-0.2792140744 -0.9588208355 -0.0520264637 0.7787740000
0.0000000000 0.0000000000 0.0000000000 1.0000000000
301 301 302
-0.6897542508 0.2828194365 -0.6665294807 -0.1301140000
0.5714953230 -0.3525733199 -0.7410078280 1.4041900000
-0.4445688677 -0.8920272820 0.0815531106 0.9371560000
0.0000000000 0.0000000000 0.0000000000 1.0000000000
302 302 303
0.4050833444 0.1643237959 -0.8993930655 -0.1873590000
0.8534107464 0.2849762679 0.4364423034 1.8634300000
0.3280248375 -0.9443460575 -0.0247972036 0.9031780000
0.0000000000 0.0000000000 0.0000000000 1.0000000000
303 303 304
0.8517747213 0.4885379664 -0.1892380908 0.0115626000
-0.0413351222 0.4227430633 0.9053076554 1.9660000000
0.5222756047 -0.7632962719 0.3802754262 1.0107700000
0.0000000000 0.0000000000 0.0000000000 1.0000000000
304 304 305
0.8669215447 0.4852029641 -0.1141315086 0.1055210000
-0.0976530010 0.3898663133 0.9156812735 1.7144100000
0.4887860565 -0.7826789807 0.3853646058 1.0426600000
0.0000000000 0.0000000000 0.0000000000 1.0000000000
305 305 306
0.8074613587 0.2680319984 -0.5255155205 -0.1001200000
0.5214471807 0.0922812640 0.8482831851 1.6323500000
0.2758632854 -0.9589840312 -0.0652511169 0.7567340000
0.0000000000 0.0000000000 0.0000000000 1.0000000000
306 306 307
0.5905964879 0.3368199956 -0.7333158633 -0.1157760000
0.7750193546 0.0164177115 0.6317319465 1.7292600000
0.2248218513 -0.9414311143 -0.2513464780 0.5886520000
0.0000000000 0.0000000000 0.0000000000 1.0000000000
307 307 308
0.6551072619 0.4651050762 -0.5954126873 -0.0360240000
0.7026326405 -0.0853397774 0.7064267362 1.7604400000
0.2777523585 -0.8811405275 -0.3827050275 0.4799210000
0.0000000000 0.0000000000 0.0000000000 1.0000000000
308 308 309
0.8318289221 0.4276149470 0.3538466541 0.1840450000
-0.3366261833 -0.1182057381 0.9341944196 1.8055800000
0.4412990031 -0.8962041386 0.0456181002 0.5488000000
0.0000000000 0.0000000000 0.0000000000 1.0000000000
309 309 310
0.4265902056 0.3675032765 0.8264169160 0.3277240000
-0.8869513729 -0.0088685540 0.4617829613 1.8629500000
0.1770334412 -0.9299825714 0.3221721043 0.6249930000
0.0000000000 0.0000000000 0.0000000000 1.0000000000
310 310 311
-0.4847606301 0.4071768200 0.7740970882 0.0661057000
-0.8216415988 0.0914387018 -0.5626290710 1.5557900000
-0.2998738864 -0.9087647802 0.2902206519 0.5016490000
0.0000000000 0.0000000000 0.0000000000 1.0000000000
311 311 312
-0.8106917840 0.5104104499 -0.2868322222 -0.4422240000
0.3518500485 0.0331401214 -0.9354731785 1.5191500000
-0.4679669801 -0.8592960474 -0.2064598840 0.2751940000
0.0000000000 0.0000000000 0.0000000000 1.0000000000
312 312 313
-0.4644264327 0.5101749389 0.7239037746 -0.4067210000
-0.8312262083 0.0309305687 -0.5550774350 1.8294200000
-0.3055783595 -0.8595170155 0.4097013667 0.4506600000
0.0000000000 0.0000000000 0.0000000000 1.0000000000
313 313 314
-0.1647526097 0.4835958225 0.8596462400 -0.4056670000
-0.9719215786 0.0688555984 -0.2250052257 2.4454700000
-0.1680030435 -0.8725789288 0.4586730757 0.5454800000
0.0000000000 0.0000000000 0.0000000000 1.0000000000
314 314 315
-0.2828785362 0.4810687736 0.8297870843 -0.2968080000
-0.9396025004 0.0347935335 -0.3404879800 2.6412100000
-0.1926678789 -0.8759895880 0.4421750073 0.6066890000
0.0000000000 0.0000000000 0.0000000000 1.0000000000
315 315 316
-0.8903284034 0.4553047263 -0.0054411232 -0.4497450000
-0.0569329768 -0.1231738278 -0.9907556442 2.2988100000
-0.4517639160 -0.8817798572 0.1355775374 0.5712000000
0.0000000000 0.0000000000 0.0000000000 1.0000000000
316 316 317
-0.8267780387 0.5195172955 -0.2157836589 -0.2188690000
0.2148631229 -0.0628823987 -0.9746244760 2.1059900000
-0.5198986885 -0.8521506971 -0.0596467089 0.6575760000
0.0000000000 0.0000000000 0.0000000000 1.0000000000
317 317 318
-0.8308179770 0.5437761870 -0.1185966095 0.0817264000
0.0932083300 -0.0741420838 -0.9928870369 1.9283100000
-0.5486983730 -0.8359544959 0.0109056251 0.8230630000
0.0000000000 0.0000000000 0.0000000000 1.0000000000
318 318 319
-0.5185898400 0.4593458643 -0.7211634028 -0.0897883000
0.7733405077 -0.1077966589 -0.6247656713 2.0422500000
-0.3647187075 -0.8816966949 -0.2993331864 0.5926050000
0.0000000000 0.0000000000 0.0000000000 1.0000000000
319 319 320
0.4363643854 0.4099375020 -0.8009637156 -0.3932420000
0.8870288090 -0.0467043208 0.4593569673 2.5982300000
0.1509023565 -0.9109227058 -0.3840075819 0.3569040000
0.0000000000 0.0000000000 0.0000000000 1.0000000000
320 320 321
0.5489316046 0.3947951559 -0.7367605594 -0.6278900000
0.8169060562 -0.0667028859 0.5729115294 3.0250300000
0.1770418943 -0.9163514119 -0.3591267981 0.3670030000
0.0000000000 0.0000000000 0.0000000000 1.0000000000
321 321 322
0.5082886531 0.4435885190 -0.7381578619 -0.8685220000
0.8346474180 -0.0425901448 0.5491454309 3.3194900000
0.2121591171 -0.8952241297 -0.3918888463 0.1283920000
0.0000000000 0.0000000000 0.0000000000 1.0000000000
322 322 323
0.5511159917 0.5356694327 -0.6397908003 -0.8877350000
0.8138997160 -0.1760564725 0.5536956077 3.4881400000
0.1839599455 -0.8258751919 -0.5330090280 -0.1030810000
0.0000000000 0.0000000000 0.0000000000 1.0000000000
323 323 324
0.4568291110 0.5582314318 -0.6925955599 -1.0991200000
0.8795390048 -0.1669377661 0.4455906608 3.2159100000
0.1331243025 -0.8127223183 -0.5672488461 -0.2243820000
0.0000000000 0.0000000000 0.0000000000 1.0000000000
324 324 325
0.3211594754 0.4870380968 -0.8121919740 -1.4048000000
0.9457779402 -0.1209044087 0.3014879675 3.1018600000
0.0486415269 -0.8649767621 -0.4994606609 -0.2354640000
0.0000000000 0.0000000000 0.0000000000 1.0000000000
325 325 326
0.4003615743 0.5457601025 -0.7361120978 -1.5220900000
0.9085740722 -0.1319327934 0.3963526063 2.7218300000
0.1191984287 -0.8274951019 -0.5486849859 -0.2157750000
0.0000000000 0.0000000000 0.0000000000 1.0000000000
326 326 327
0.2076446136 0.5491765397 -0.8095031359 -1.6999900000
0.9780651529 -0.1306877748 0.1622298223 2.2750000000
-0.0166959704 -0.8254302435 -0.5642685168 -0.2977380000
0.0000000000 0.0000000000 0.0000000000 1.0000000000
327 327 328
0.1145527137 0.5421293234 -0.8324522477 -1.7629400000
0.9886718435 -0.1440390831 0.0422487424 1.7244300000
-0.0969996589 -0.8278603548 -0.5524889469 -0.3139900000
0.0000000000 0.0000000000 0.0000000000 1.0000000000
328 328 329
0.0099573783 0.4705695759 -0.8823107021 -1.9905400000
0.9983915787 -0.0539887056 -0.0175208681 1.3164700000
-0.0558762598 -0.8807139146 -0.4703523303 -0.2954230000
0.0000000000 0.0000000000 0.0000000000 1.0000000000
329 329 330
0.0193186614 0.4590553470 -0.8882017215 -2.0136700000
0.9956825764 -0.0895450244 -0.0246176490 1.0714800000
-0.0908312542 -0.8838880076 -0.4588055826 -0.3679420000
0.0000000000 0.0000000000 0.0000000000 1.0000000000
330 330 331
0.1009924673 0.6907936432 -0.7159662211 -1.8547400000
0.9929458390 -0.1149416543 0.0291659895 1.0144300000
-0.0621453783 -0.7138600960 -0.6975294368 -0.5657160000
0.0000000000 0.0000000000 0.0000000000 1.0000000000
331 331 332
0.5809779521 0.5685007140 -0.5824724531 -1.6749700000
0.7735821242 -0.1631896428 0.6123292078 1.5108700000
0.2530571428 -0.8063394446 -0.5345917222 -0.4600270000
0.0000000000 0.0000000000 0.0000000000 1.0000000000
332 332 333
0.8995020482 0.3590321768 0.2489833934 -1.3913200000
-0.2179352333 -0.1252217248 0.9679010082 2.0083400000
0.3786833351 -0.9248913577 -0.0343921685 -0.2627190000
0.0000000000 0.0000000000 0.0000000000 1.0000000000
333 333 334
0.8098888300 0.3830726468 0.4442259056 -1.2151300000
-0.4672789418 -0.0364625325 0.8833615073 2.3122100000
0.3545866586 -0.9230019011 0.1494699718 -0.0763830000
0.0000000000 0.0000000000 0.0000000000 1.0000000000
334 334 335
0.8732794769 0.3662480882 0.3213194219 -1.4514600000
-0.3599996390 0.0406502747 0.9320699870 2.5340700000
0.3283048781 -0.9296324750 0.1673473524 0.0506846000
0.0000000000 0.0000000000 0.0000000000 1.0000000000
335 335 336
0.9317902534 0.3250149520 -0.1616562320 -1.7588700000
0.1428617980 0.0810492953 0.9864221692 2.8188400000
0.3337034057 -0.9422332355 0.0290886595 -0.0326520000
0.0000000000 0.0000000000 0.0000000000 1.0000000000
336 336 337
0.8883259706 0.4587610091 0.0203953837 -1.8414400000
-0.0762580318 0.1035720330 0.9916969734 2.9449600000
0.4528381033 -0.8825058136 0.1269895359 -0.3114880000
0.0000000000 0.0000000000 0.0000000000 1.0000000000
337 337 338
0.6041679922 0.5045788716 0.6167515597 -1.4859400000
-0.7315521246 0.0443490962 0.6803438495 2.9221300000
0.3159332415 -0.8622275958 0.3959188350 -0.1773060000
0.0000000000 0.0000000000 0.0000000000 1.0000000000
338 338 339
-0.0581451635 0.5762929921 0.8151714041 -1.2594900000
-0.9977430916 -0.0060904300 -0.0668623602 2.7969600000
-0.0335671556 -0.8172198231 0.5753473400 0.0266529000
0.0000000000 0.0000000000 0.0000000000 1.0000000000
339 339 340
-0.2138254187 0.6308129118 0.7458894981 -1.1580100000
-0.9592008867 0.0089893362 -0.2825786863 2.6914500000
-0.1849587306 -0.7758815150 0.6031561050 0.1707460000
0.0000000000 0.0000000000 0.0000000000 1.0000000000
340 340 341
-0.2528317672 0.7102070158 0.6570246515 -1.2301200000
-0.9491608486 -0.0504440448 -0.3107225375 2.7410700000
-0.1875342140 -0.7021828868 0.6868551064 0.2335050000
0.0000000000 0.0000000000 0.0000000000 1.0000000000
341 341 342
-0.1061949834 0.6809241336 0.7246114889 -1.5520700000
-0.9820794425 0.0422772692 -0.1836569700 2.8589000000
-0.1556902507 -0.7311307943 0.6642344123 0.0703762000
0.0000000000 0.0000000000 0.0000000000 1.0000000000
342 342 343
0.2269386234 0.7044192557 0.6725277648 -1.8812600000
-0.9723407092 0.2030593244 0.1154197335 3.1161800000
-0.0552596384 -0.6801188732 0.7310164947 -0.0548266000
0.0000000000 0.0000000000 0.0000000000 1.0000000000
343 343 344
0.8477918063 0.4680703701 0.2493187185 -2.1148300000
-0.4498530762 0.3857417132 0.8055048910 3.2696300000
0.2808592256 -0.7950572610 0.5375909189 -0.1575220000
0.0000000000 0.0000000000 0.0000000000 1.0000000000
344 344 345
0.7956435270 0.0607446640 -0.6027124619 -2.3819700000
0.5763254494 0.2304971744 0.7840428703 3.3375100000
0.1865508037 -0.9711767768 0.1483846354 -0.2622690000
0.0000000000 0.0000000000 0.0000000000 1.0000000000
345 345 346
0.0926302181 -0.0023682138 -0.9957037245 -2.5035200000
0.9801380803 -0.1759343182 0.0916070202 2.9456800000
-0.1753877392 -0.9844068743 -0.0139826537 -0.3077090000
0.0000000000 0.0000000000 0.0000000000 1.0000000000
346 346 347
-0.8061452069 0.4181737429 -0.4186592119 -2.4124700000
0.2548762397 -0.3931412373 -0.8834532077 2.4224400000
-0.5340252030 -0.8188908282 0.2103364273 -0.3049090000
0.0000000000 0.0000000000 0.0000000000 1.0000000000
347 347 348
-0.4337562969 0.6940936773 0.5745259184 -1.9117900000
-0.8175961464 -0.0352310110 -0.5747073361 2.4689400000
-0.3786589565 -0.7190173487 0.5827767225 -0.1516550000
0.0000000000 0.0000000000 0.0000000000 1.0000000000
348 348 349
-0.0615569928 -0.0024906473 0.9981013963 -1.3897600000
-0.9913928081 0.1159256372 -0.0608530934 2.4306500000
-0.1155547516 -0.9932555541 -0.0096060653 -0.4035010000
0.0000000000 0.0000000000 0.0000000000 1.0000000000
349 349 350
-0.1376339566 -0.2702332208 0.9529116779 -1.1304700000
-0.9870708197 0.1172627766 -0.1093078934 2.2304300000
-0.0822061822 -0.9556312181 -0.2828818320 -0.5395380000
0.0000000000 0.0000000000 0.0000000000 1.0000000000
350 350 351
-0.1249992109 -0.3022855589 0.9449912466 -1.0096200000
-0.9904793221 0.0934583877 -0.1011145574 2.2636600000
-0.0577557594 -0.9486289486 -0.3110929639 -0.5090760000
0.0000000000 0.0000000000 0.0000000000 1.0000000000
351 351 352
0.0810270685 -0.2757479695 0.9578112940 -0.9668810000
-0.9956934653 -0.0658790145 0.0652690581 2.5251900000
0.0450992328 -0.9589726712 -0.2799002771 -0.4635730000
0.0000000000 0.0000000000 0.0000000000 1.0000000000
352 352 353
0.1893583399 -0.2442929758 0.9510357242 -0.9372090000
-0.9788859769 -0.1229305955 0.1633299358 2.5361300000
0.0770081228 -0.9618811599 -0.2624148010 -0.3994360000
0.0000000000 0.0000000000 0.0000000000 1.0000000000
353 353 354
0.6406526619 -0.1518493744 0.7526671239 -0.9507920000
-0.7169404515 -0.4692367677 0.5155781904 2.7363800000
0.2748861961 -0.8699231282 -0.4094858309 -0.4405760000
0.0000000000 0.0000000000 0.0000000000 1.0000000000
354 354 355
0.8864502308 0.0993789610 0.4520289553 -1.2426800000
-0.2640515154 -0.6935347258 0.6702923541 2.8033600000
0.3801093942 -0.7135396729 -0.5885432047 -0.5742870000
0.0000000000 0.0000000000 0.0000000000 1.0000000000
355 355 356
0.8239945225 0.5657081680 0.0317491644 -1.2642800000
0.4554296824 -0.6946221241 0.5568579553 2.7561400000
0.3370720178 -0.4443886212 -0.8300051991 -0.5824820000
0.0000000000 0.0000000000 0.0000000000 1.0000000000
356 356 357
0.6851178797 0.7273717975 -0.0393035344 -1.2566300000
0.6607104574 -0.5978010556 0.4539831580 2.6617300000
0.3067184230 -0.3370004222 -0.8901463808 -0.6025880000
0.0000000000 0.0000000000 0.0000000000 1.0000000000
357 357 358
0.6834656129 0.7281916567 -0.0511192067 -1.1674600000
0.6757168601 -0.6046127784 0.4217318441 2.7244800000
0.2761937492 -0.3227815586 -0.9052834607 -0.5549150000
0.0000000000 0.0000000000 0.0000000000 1.0000000000
358 358 359
0.4538502046 0.8831582092 -0.1185449184 -1.2419500000
0.8697007809 -0.4100609851 0.2747252629 2.4387700000
0.1940151334 -0.2277827819 -0.9541896486 -0.6222430000
0.0000000000 0.0000000000 0.0000000000 1.0000000000
359 359 360
0.1661684809 0.9568463702 -0.2384035331 -1.3333500000
0.9852288923 -0.1509466039 0.0808922043 1.9859100000
0.0414155845 -0.2483234638 -0.9677952897 -0.6372690000
0.0000000000 0.0000000000 0.0000000000 1.0000000000
360 360 361
-0.2600037968 0.8709828569 -0.4168789236 -1.3308100000
0.9478482673 0.1477891935 -0.2823876645 1.7453300000
-0.1843443409 -0.4685594882 -0.8639854563 -0.5387250000
0.0000000000 0.0000000000 0.0000000000 1.0000000000
361 361 362
-0.8183147286 0.5717333018 0.0590644049 -1.0203300000
0.3472127863 0.5736029563 -0.7419059709 1.6782500000
-0.4580511471 -0.5866022675 -0.6679019019 -0.4288180000
0.0000000000 0.0000000000 0.0000000000 1.0000000000
362 362 363
-0.6772720064 0.0676240139 0.7326268947 -0.3579800000
-0.6296990235 0.4617220064 -0.6247367081 1.8344900000
-0.3805184804 -0.8844454802 -0.2701321497 -0.0218779000
0.0000000000 0.0000000000 0.0000000000 1.0000000000
363 363 364
0.0542268187 -0.1468681888 0.9876717553 -0.1218700000
-0.9970194361 0.0464513138 0.0616512798 2.1499800000
-0.0549363734 -0.9880679994 -0.1439140513 0.0964647000
0.0000000000 0.0000000000 0.0000000000 1.0000000000
364 364 365
0.5253109270 -0.0841754266 0.8467384062 -0.2326770000
-0.8185700857 -0.3217354156 0.4758546977 2.5392400000
0.2323670498 -0.9430849252 -0.2379163810 0.0261868000
0.0000000000 0.0000000000 0.0000000000 1.0000000000
365 365 366
0.7221353773 0.0062858096 0.6917239462 -0.2881520000
-0.6181464410 -0.4429949928 0.6493502714 2.7047200000
0.3105100749 -0.8965050396 -0.3160175575 0.0010786800
0.0000000000 0.0000000000 0.0000000000 1.0000000000
366 366 367
0.9178970475 0.2227522835 0.3284003824 -0.4664250000
-0.1542202602 -0.5622788087 0.8124443984 2.8544500000
0.3656248109 -0.7963863442 -0.4817615205 -0.0837890000
0.0000000000 0.0000000000 0.0000000000 1.0000000000
367 367 368
0.8151762489 0.5637412898 -0.1329834020 -0.9132210000
0.4884771501 -0.5457383690 0.6808592167 2.7637000000
0.3112537564 -0.6199798039 -0.7202477271 -0.2939670000
0.0000000000 0.0000000000 0.0000000000 1.0000000000
368 368 369
0.2494884770 0.8523404578 -0.4596447489 -1.1543200000
0.9654798561 -0.2556381366 0.0500122255 2.5472300000
-0.0748745534 -0.4562546648 -0.8866964752 -0.4180350000
0.0000000000 0.0000000000 0.0000000000 1.0000000000
369 369 370
-0.3574153057 0.8518218211 -0.3829558126 -0.9550390000
0.8702689474 0.1549466397 -0.4675727631 2.1828500000
-0.3389506286 -0.5003917611 -0.7966945700 -0.2953710000
0.0000000000 0.0000000000 0.0000000000 1.0000000000
370 370 371
-0.8260429273 0.5003118316 0.2595141504 -0.4572750000
0.0301997879 0.4990752852 -0.8660332553 1.9194600000
-0.5628032480 -0.7075405979 -0.4273685073 -0.0106679000
0.0000000000 0.0000000000 0.0000000000 1.0000000000
371 371 372
-0.7698091764 0.3142550049 0.5555628681 -0.3426640000
-0.3761212573 0.4798892060 -0.7926176988 1.7247800000
-0.5156928430 -0.8191177012 -0.2512287882 0.0668995000
0.0000000000 0.0000000000 0.0000000000 1.0000000000
372 372 373
-0.4641077431 0.1114187362 0.8787522175 -0.0098200500
-0.8268330932 0.3013787836 -0.4748950459 2.0810100000
-0.3177524674 -0.9469763111 -0.0477534656 0.2673020000
0.0000000000 0.0000000000 0.0000000000 1.0000000000
373 373 374
0.4885387783 0.1146462895 0.8649794728 0.0035167400
-0.8626783438 -0.0851918148 0.4985334890 2.4729800000
0.1308408778 -0.9897503689 0.0572811938 0.3827410000
0.0000000000 0.0000000000 0.0000000000 1.0000000000
374 374 375
0.9414744499 0.3150634622 0.1198395837 -0.5879230000
-0.0339483466 -0.2650936956 0.9636321458 2.7894300000
0.3353714669 -0.9113036912 -0.2388835289 0.1589610000
0.0000000000 0.0000000000 0.0000000000 1.0000000000
375 375 376
0.4881172066 0.5352369185 -0.6893956966 -1.0144400000
0.8674968131 -0.2107539071 0.4505997058 2.7242600000
0.0958867284 -0.8179928219 -0.5671894446 -0.0140511000
0.0000000000 0.0000000000 0.0000000000 1.0000000000
376 376 377
0.3450423382 0.5118872744 -0.7867155234 -1.1487500000
0.9375681471 -0.1488904675 0.3143323252 2.5075300000
0.0437706071 -0.8460557070 -0.5313035739 0.0209408000
0.0000000000 0.0000000000 0.0000000000 1.0000000000
377 377 378
0.5328914639 0.5045420486 -0.6793133225 -1.1252000000
0.8310226755 -0.1607571450 0.5325080915 2.4017700000
0.1594696894 -0.8482929187 -0.5049523330 -0.0541039000
0.0000000000 0.0000000000 0.0000000000 1.0000000000
378 378 379
-0.4893205763 0.4909423064 -0.7207972771 -1.1509700000
0.8013001498 -0.0731362836 -0.5937800052 1.8631000000
-0.3442254100 -0.8681199666 -0.3576081656 -0.0876616000
0.0000000000 0.0000000000 0.0000000000 1.0000000000
379 379 380
-0.8389638398 0.5311578542 0.1184465081 -0.8088530000
-0.1232702573 0.0265089318 -0.9920239656 1.0878800000
-0.5300591335 -0.8468638844 0.0432265628 0.1193590000
0.0000000000 0.0000000000 0.0000000000 1.0000000000
380 380 381
-0.7361247562 0.5880395224 0.3351820110 -0.5256160000
-0.3653111482 0.0717206771 -0.9281234087 0.4423160000
-0.5698115702 -0.8056517963 0.1620130234 0.1887820000
0.0000000000 0.0000000000 0.0000000000 1.0000000000
381 381 382
-0.5547301903 0.5876651067 0.5890134641 -0.1250160000
-0.6551486059 0.1278805067 -0.7446032614 -0.1400240000
-0.5129010067 -0.7989389432 0.3140616745 -0.1247220000
0.0000000000 0.0000000000 0.0000000000 1.0000000000
382 382 383
-0.6096985906 0.5249292917 0.5939090567 -0.0768990000
-0.7351383516 -0.0943024967 -0.6713316538 -0.1355380000
-0.2963955684 -0.8459100567 0.4433843495 -0.1229350000
0.0000000000 0.0000000000 0.0000000000 1.0000000000
383 383 384
-0.6154037103 0.5279418423 0.5852930450 -0.0802680000
-0.7273742113 -0.0942948455 -0.6797378515 -0.1333690000
-0.3036730053 -0.8440344786 0.4420325110 -0.1279070000
0.0000000000 0.0000000000 0.0000000000 1.0000000000
384 384 385
-0.6159896817 0.5277191705 0.5848761513 -0.0792047000
-0.7275394217 -0.0963957664 -0.6792655277 -0.1335180000
-0.3020828117 -0.8439358651 0.4433080119 -0.1264780000
0.0000000000 0.0000000000 0.0000000000 1.0000000000
385 385 386
-0.6177009158 0.5272930832 0.5834513056 -0.0870527000
-0.7263454244 -0.0981363632 -0.6802917775 -0.1346780000
-0.3014560432 -0.8440003451 0.4436106050 -0.1284480000
0.0000000000 0.0000000000 0.0000000000 1.0000000000
386 386 387
-0.6152683769 0.5272992125 0.5860125883 -0.0772939000
-0.7288451054 -0.0972262347 -0.6777454747 -0.1355240000
-0.3003997761 -0.8441028709 0.4441327425 -0.1260850000
0.0000000000 0.0000000000 0.0000000000 1.0000000000
387 387 388
-0.6152745673 0.5279263856 0.5854430245 -0.0864201000
-0.7283914457 -0.0966954896 -0.6783099857 -0.1406830000
-0.3014891464 -0.8437726389 0.4440229320 -0.1348600000
0.0000000000 0.0000000000 0.0000000000 1.0000000000
388 388 389
-0.6158128988 0.5268580517 0.5858371067 -0.0823015000
-0.7286375421 -0.0979047413 -0.6778708001 -0.1299070000
-0.2997863482 -0.8442997588 0.4441728485 -0.1267370000
0.0000000000 0.0000000000 0.0000000000 1.0000000000
389 389 390
-0.6154853259 0.5279292269 0.5852157889 -0.0792325000
-0.7282249314 -0.0969240071 -0.6784543315 -0.1351070000
-0.3014551997 -0.8437431849 0.4441005390 -0.1257680000
0.0000000000 0.0000000000 0.0000000000 1.0000000000
390 390 391
-0.6143213998 0.5283874672 0.5860243090 -0.0785587000
-0.7292956608 -0.0966809281 -0.6773377827 -0.1369480000
-0.3012401789 -0.8434840349 0.4447381156 -0.1286370000
0.0000000000 0.0000000000 0.0000000000 1.0000000000
391 391 392
-0.6167898167 0.5279943862 0.5837834718 -0.0826594000
-0.7269770510 -0.0977443540 -0.6796747780 -0.1332340000
-0.3018038787 -0.8436085375 0.4441202529 -0.1261610000
0.0000000000 0.0000000000 0.0000000000 1.0000000000
392 392 393
-0.6160636412 0.5284046369 0.5841769817 -0.0812789000
-0.7274701366 -0.0972436776 -0.6792177248 -0.1327180000
-0.3020950292 -0.8434085944 0.4443011356 -0.1289150000
0.0000000000 0.0000000000 0.0000000000 1.0000000000
393 393 394
-0.6152752216 0.5284733124 0.5849450755 -0.0810169000
-0.7284103669 -0.0973933160 -0.6781877128 -0.1396520000
-0.3014351020 -0.8433482047 0.4448635357 -0.1297570000
0.0000000000 0.0000000000 0.0000000000 1.0000000000
394 394 395
-0.6163466906 0.5277146802 0.5845057291 -0.0809970000
-0.7278758801 -0.0984894229 -0.6786054480 -0.1345750000
-0.3005435646 -0.8436977345 0.4448057497 -0.1260400000
0.0000000000 0.0000000000 0.0000000000 1.0000000000
395 395 396
-0.6157572086 0.5277412737 0.5850993980 -0.0815168000
-0.7283650446 -0.0979820378 -0.6781519478 -0.1352040000
-0.3005603425 -0.8437386150 0.4447153658 -0.1295540000
0.0000000000 0.0000000000 0.0000000000 1.0000000000
396 396 397
-0.6159993277 0.5272725734 0.5852700987 -0.0839753000
-0.7283845797 -0.0982748035 -0.6780903690 -0.1331470000
-0.3000222643 -0.8439989798 0.4445859904 -0.1285400000
0.0000000000 0.0000000000 0.0000000000 1.0000000000
397 397 398
-0.6167126066 0.5279436484 0.5839122620 -0.0847839000
-0.7273600087 -0.0985023096 -0.6791562281 -0.1295060000
-0.3010406009 -0.8435527657 0.4447443862 -0.1296350000
0.0000000000 0.0000000000 0.0000000000 1.0000000000
398 398 399
-0.6160029853 0.5289822087 0.5837156739 -0.0840818000
-0.7275043326 -0.0978197982 -0.6790969758 -0.1327830000
-0.3021317778 -0.8429786945 0.4450902334 -0.1313760000
0.0000000000 0.0000000000 0.0000000000 1.0000000000
399 399 400
-0.6155889970 0.5293959552 0.5837813516 -0.0805372000
-0.7274071796 -0.0966792665 -0.6793666762 -0.1352810000
-0.3032153343 -0.8428524238 0.4445940644 -0.1301590000
0.0000000000 0.0000000000 0.0000000000 1.0000000000
400 400 401
-0.6147659318 0.5288488656 0.5851431731 -0.0802798000
-0.7292324571 -0.0984736581 -0.6771486643 -0.1311850000
-0.3004890667 -0.8429882368 0.4461847821 -0.1261840000
0.0000000000 0.0000000000 0.0000000000 1.0000000000
401 401 402
-0.6147690402 0.5279212999 0.5859773813 -0.0860491000
-0.7295373396 -0.0982668569 -0.6768505178 -0.1372090000
-0.2997426568 -0.8435937734 0.4455421270 -0.1309550000
0.0000000000 0.0000000000 0.0000000000 1.0000000000
402 402 403
-0.6154134345 0.5283805192 0.5848848513 -0.0852690000
-0.7287346219 -0.0986401504 -0.6776597552 -0.1286080000
-0.3003699605 -0.8432620707 0.4457469949 -0.1297020000
0.0000000000 0.0000000000 0.0000000000 1.0000000000
403 403 404
-0.6161956133 0.5296291439 0.5829283632 -0.0880634000
-0.7275772218 -0.0993944139 -0.6787920348 -0.1328700000
-0.3015690517 -0.8423895834 0.4465861212 -0.1269200000
0.0000000000 0.0000000000 0.0000000000 1.0000000000
404 404 405
-0.6181958715 0.5275014032 0.5827417740 -0.0877562000
-0.7263875235 -0.1001079438 -0.6799614808 -0.1306860000
-0.3003445877 -0.8436401598 0.4450488403 -0.1290080000
0.0000000000 0.0000000000 0.0000000000 1.0000000000
405 405 406
-0.6149488322 0.5300097817 0.5838991557 -0.0830287000
-0.7284498693 -0.0982237674 -0.6780266425 -0.1326870000
-0.3020089082 -0.8422879385 0.4464810202 -0.1280010000
0.0000000000 0.0000000000 0.0000000000 1.0000000000
406 406 407
-0.6163611042 0.5298948069 0.5825115536 -0.0826229000
-0.7268718444 -0.0982764795 -0.6797097359 -0.1335650000
-0.3029282725 -0.8423535462 0.4457332487 -0.1246360000
0.0000000000 0.0000000000 0.0000000000 1.0000000000
407 407 408
-0.6177168484 0.5284555481 0.5823806066 -0.0861680000
-0.7260728746 -0.0987860233 -0.6804880204 -0.1318780000
-0.3020771724 -0.8431965956 0.4447146599 -0.1315230000
0.0000000000 0.0000000000 0.0000000000 1.0000000000
408 408 409
-0.6175931878 0.5299570398 0.5811494140 -0.0909012000
-0.7263467089 -0.1008940613 -0.6798881963 -0.1254980000
-0.3016779141 -0.8420053664 0.4472370405 -0.1278990000
0.0000000000 0.0000000000 0.0000000000 1.0000000000
409 409 410
-0.6153088379 0.5295120346 0.5839710041 -0.0787558000
-0.7282984475 -0.0983911655 -0.6781647397 -0.1343080000
-0.3016396856 -0.8425811818 0.4461769976 -0.1271130000
0.0000000000 0.0000000000 0.0000000000 1.0000000000
410 410 411
-0.6177813394 0.5295067545 0.5813618367 -0.0816778000
-0.7257149696 -0.0992153948 -0.6808103746 -0.1279650000
-0.3028147472 -0.8424889199 0.4455558616 -0.1251910000
0.0000000000 0.0000000000 0.0000000000 1.0000000000
411 411 412
-0.6120558070 0.5304209034 0.5865609833 -0.0709445000
-0.7319863849 -0.0992398442 -0.6740592432 -0.1322370000
-0.2993259998 -0.8419106819 0.4489928721 -0.1208790000
0.0000000000 0.0000000000 0.0000000000 1.0000000000
412 412 413
-0.6162919801 0.5300007779 0.5824861415 -0.0866105000
-0.7266548408 -0.0975785139 -0.6800409907 -0.1307060000
-0.3035847031 -0.8423670115 0.4452599884 -0.1305520000
0.0000000000 0.0000000000 0.0000000000 1.0000000000
413 413 414
-0.6209011083 0.5274842643 0.5798752914 -0.0817987000
-0.7272297491 -0.1114587137 -0.6772908466 -0.1310450000
-0.2926292785 -0.8422270179 0.4527981980 -0.1278610000
0.0000000000 0.0000000000 0.0000000000 1.0000000000
414 414 415
-0.6202423355 0.5228747516 0.5847322051 -0.0829899000
-0.7264806828 -0.1017425553 -0.6796184828 -0.1326430000
-0.2958641160 -0.8463199506 0.4429565571 -0.1276100000
0.0000000000 0.0000000000 0.0000000000 1.0000000000
415 415 416
-0.6185957186 0.5214214738 0.5877659791 -0.0882619000
-0.7268177248 -0.0955751403 -0.6801529703 -0.1346240000
-0.2984714297 -0.8479337916 0.4380941847 -0.1300470000
0.0000000000 0.0000000000 0.0000000000 1.0000000000
416 416 417
-0.6174546785 0.5132610968 0.5960918025 -0.0821256000
-0.7275096411 -0.0844218593 -0.6808899814 -0.1271980000
-0.2991523234 -0.8540752257 0.4255207357 -0.1283100000
0.0000000000 0.0000000000 0.0000000000 1.0000000000
417 417 418
-0.6167722805 0.5305055101 0.5815193328 -0.0790508000
-0.7301314275 -0.1095240226 -0.6744765961 -0.1316570000
-0.2941240031 -0.8405798498 0.4548841388 -0.1275770000
0.0000000000 0.0000000000 0.0000000000 1.0000000000
418 418 419
-0.6208123739 0.5302758679 0.5774149442 -0.0915390000
-0.7257731678 -0.1102819973 -0.6790412540 -0.1266420000
-0.2964014554 -0.8406254931 0.4533186854 -0.1318280000
0.0000000000 0.0000000000 0.0000000000 1.0000000000
419 419 420
-0.6178941770 0.5299300386 0.5808528661 -0.0823763000
-0.7292932119 -0.1101837303 -0.6752756542 -0.1293560000
-0.2938491262 -0.8408566776 0.4545501191 -0.1247630000
0.0000000000 0.0000000000 0.0000000000 1.0000000000
420 420 421
-0.6154354873 0.5407283170 0.5734647675 -0.0857670000
-0.7282746739 -0.1118613260 -0.6760989442 -0.1287960000
-0.3014381393 -0.8337305741 0.4626355316 -0.1314170000
0.0000000000 0.0000000000 0.0000000000 1.0000000000
421 421 422
-0.6173712408 0.5355451735 0.5762425933 -0.0818807000
-0.7285855450 -0.1129891322 -0.6755770942 -0.1310640000
-0.2966938875 -0.8369185585 0.4599389882 -0.1272850000
0.0000000000 0.0000000000 0.0000000000 1.0000000000
422 422 423
-0.6177793565 0.5323039517 0.5788003487 -0.0873022000
-0.7303505023 -0.1155958857 -0.6732248633 -0.1273610000
-0.2914540865 -0.8386274952 0.4601753298 -0.1282460000
0.0000000000 0.0000000000 0.0000000000 1.0000000000
423 423 424
-0.6166897408 0.5350160110 0.5774605634 -0.0851680000
-0.7304607563 -0.1154344103 -0.6731331508 -0.1308690000
-0.2934789903 -0.8369223520 0.4619892614 -0.1290350000
0.0000000000 0.0000000000 0.0000000000 1.0000000000
424 424 425
-0.6161741432 0.5328492715 0.5800078275 -0.0820782000
-0.7318254914 -0.1151132871 -0.6717037305 -0.1267250000
-0.2911509509 -0.8383472463 0.4608770849 -0.1249140000
0.0000000000 0.0000000000 0.0000000000 1.0000000000
425 425 426
-0.6169680592 0.5356498436 0.5765739668 -0.0831919000
-0.7298223479 -0.1152843293 -0.6738503537 -0.1308720000
-0.2944785809 -0.8365370307 0.4620506285 -0.1288760000
0.0000000000 0.0000000000 0.0000000000 1.0000000000
426 426 427
-0.6179722748 0.5344472196 0.5766170565 -0.0835702000
-0.7298388553 -0.1172662360 -0.6734918916 -0.1279940000
-0.2923291053 -0.8370318107 0.4625202994 -0.1280660000
0.0000000000 0.0000000000 0.0000000000 1.0000000000
427 427 428
-0.6150759035 0.5372512209 0.5771043623 -0.0799817000
-0.7308796609 -0.1138940102 -0.6729395866 -0.1328500000
-0.2958094666 -0.8356996420 0.4627149146 -0.1282340000
0.0000000000 0.0000000000 0.0000000000 1.0000000000
428 428 429
-0.6162153257 0.5379477655 0.5752391043 -0.0827365000
-0.7304644474 -0.1172929172 -0.6728078405 -0.1262670000
-0.2944647968 -0.8347819480 0.4652231844 -0.1293530000
0.0000000000 0.0000000000 0.0000000000 1.0000000000
429 429 430
-0.6144800467 0.5395770596 0.5755677195 -0.0787909000
-0.7308988581 -0.1147026042 -0.6727817129 -0.1295660000
-0.2969990945 -0.8340893063 0.4648537372 -0.1336220000
0.0000000000 0.0000000000 0.0000000000 1.0000000000
430 430 431
-0.6171510769 0.5368181769 0.5752900262 -0.0827481000
-0.7308915635 -0.1203099034 -0.6718098448 -0.1195100000
-0.2914273351 -0.8350791520 0.4665999334 -0.1265770000
0.0000000000 0.0000000000 0.0000000000 1.0000000000
431 431 432
-0.6165345467 0.5367271401 0.5760352577 -0.0763486000
-0.7315076340 -0.1199088163 -0.6712105817 -0.1271100000
-0.2911858898 -0.8351952111 0.4665428256 -0.1293660000
0.0000000000 0.0000000000 0.0000000000 1.0000000000
432 432 433
-0.6170586132 0.5375167441 0.5747383542 -0.0814595000
-0.7305494891 -0.1198349044 -0.6722676530 -0.1246650000
-0.2924822559 -0.8346988098 0.4666210942 -0.1289940000
0.0000000000 0.0000000000 0.0000000000 1.0000000000
433 433 434
-0.6150158920 0.5388937768 0.5756393779 -0.0773155000
-0.7324993957 -0.1201992152 -0.6700783009 -0.1296500000
-0.2919106564 -0.8337588329 0.4686557808 -0.1265240000
0.0000000000 0.0000000000 0.0000000000 1.0000000000
434 434 435
-0.6165370189 0.5378940221 0.5749460965 -0.0811402000
-0.7310479385 -0.1199558557 -0.6717045839 -0.1238880000
-0.2923386811 -0.8344388278 0.4671761200 -0.1309720000
0.0000000000 0.0000000000 0.0000000000 1.0000000000
435 435 436
-0.6170035020 0.5383634344 0.5740061470 -0.0814618000
-0.7303483484 -0.1200650623 -0.6724460440 -0.1288670000
-0.2931032825 -0.8341206176 0.4672655257 -0.1265910000
0.0000000000 0.0000000000 0.0000000000 1.0000000000
